# JRE version: OpenJDK Runtime Environment (8.0_212-b04) (build 1.8.0_212-release-1586-b04)
# Java VM: OpenJDK 64-Bit Server VM (25.212-b04 mixed mode windows-amd64 compressed oops)
Heap:
 PSYoungGen      total 114176K, used 10389K [0x00000000e0000000, 0x00000000e9f80000, 0x0000000100000000)
  eden space 102400K, 0% used [0x00000000e0000000,0x00000000e0000000,0x00000000e6400000)
  from space 11776K, 88% used [0x00000000e6400000,0x00000000e6e256d0,0x00000000e6f80000)
  to   space 12288K, 0% used [0x00000000e9380000,0x00000000e9380000,0x00000000e9f80000)
 ParOldGen       total 60928K, used 9562K [0x00000000a0000000, 0x00000000a3b80000, 0x00000000e0000000)
  object space 60928K, 15% used [0x00000000a0000000,0x00000000a0956b70,0x00000000a3b80000)
 Metaspace       used 34681K, capacity 35456K, committed 35496K, reserved 1079296K
  class space    used 4771K, capacity 4993K, committed 5032K, reserved 1048576K
GC Heap History (10 events):
Event: 3.044 GC heap after
Heap after GC invocations=6 (full 0):
 PSYoungGen      total 75776K, used 8804K [0x00000000e0000000, 0x00000000e5700000, 0x0000000100000000)
  eden space 65536K, 0% used [0x00000000e0000000,0x00000000e0000000,0x00000000e4000000)
  from space 10240K, 85% used [0x00000000e4b00000,0x00000000e5399348,0x00000000e5500000)
  to   space 11264K, 0% used [0x00000000e4000000,0x00000000e4000000,0x00000000e4b00000)
 ParOldGen       total 87552K, used 7482K [0x00000000a0000000, 0x00000000a5580000, 0x00000000e0000000)
  object space 87552K, 8% used [0x00000000a0000000,0x00000000a074e920,0x00000000a5580000)
 Metaspace       used 20712K, capacity 21186K, committed 21296K, reserved 1067008K
  class space    used 2999K, capacity 3161K, committed 3200K, reserved 1048576K
}
Event: 3.044 GC heap before
{Heap before GC invocations=7 (full 1):
 PSYoungGen      total 75776K, used 8804K [0x00000000e0000000, 0x00000000e5700000, 0x0000000100000000)
  eden space 65536K, 0% used [0x00000000e0000000,0x00000000e0000000,0x00000000e4000000)
  from space 10240K, 85% used [0x00000000e4b00000,0x00000000e5399348,0x00000000e5500000)
  to   space 11264K, 0% used [0x00000000e4000000,0x00000000e4000000,0x00000000e4b00000)
 ParOldGen       total 87552K, used 7482K [0x00000000a0000000, 0x00000000a5580000, 0x00000000e0000000)
  object space 87552K, 8% used [0x00000000a0000000,0x00000000a074e920,0x00000000a5580000)
 Metaspace       used 20712K, capacity 21186K, committed 21296K, reserved 1067008K
  class space    used 2999K, capacity 3161K, committed 3200K, reserved 1048576K
Event: 3.089 GC heap after
Heap after GC invocations=7 (full 1):
 PSYoungGen      total 75776K, used 0K [0x00000000e0000000, 0x00000000e5700000, 0x0000000100000000)
  eden space 65536K, 0% used [0x00000000e0000000,0x00000000e0000000,0x00000000e4000000)
  from space 10240K, 0% used [0x00000000e4b00000,0x00000000e4b00000,0x00000000e5500000)
  to   space 11264K, 0% used [0x00000000e4000000,0x00000000e4000000,0x00000000e4b00000)
 ParOldGen       total 60928K, used 9538K [0x00000000a0000000, 0x00000000a3b80000, 0x00000000e0000000)
  object space 60928K, 15% used [0x00000000a0000000,0x00000000a0950b70,0x00000000a3b80000)
 Metaspace       used 20712K, capacity 21186K, committed 21296K, reserved 1067008K
  class space    used 2999K, capacity 3161K, committed 3200K, reserved 1048576K
}
Event: 3.829 GC heap before
{Heap before GC invocations=8 (full 1):
 PSYoungGen      total 75776K, used 65536K [0x00000000e0000000, 0x00000000e5700000, 0x0000000100000000)
  eden space 65536K, 100% used [0x00000000e0000000,0x00000000e4000000,0x00000000e4000000)
  from space 10240K, 0% used [0x00000000e4b00000,0x00000000e4b00000,0x00000000e5500000)
  to   space 11264K, 0% used [0x00000000e4000000,0x00000000e4000000,0x00000000e4b00000)
 ParOldGen       total 60928K, used 9538K [0x00000000a0000000, 0x00000000a3b80000, 0x00000000e0000000)
  object space 60928K, 15% used [0x00000000a0000000,0x00000000a0950b70,0x00000000a3b80000)
 Metaspace       used 29130K, capacity 29700K, committed 30080K, reserved 1075200K
  class space    used 3938K, capacity 4135K, committed 4224K, reserved 1048576K
Event: 3.840 GC heap after
Heap after GC invocations=8 (full 1):
 PSYoungGen      total 76800K, used 8099K [0x00000000e0000000, 0x00000000e7a80000, 0x0000000100000000)
  eden space 65536K, 0% used [0x00000000e0000000,0x00000000e0000000,0x00000000e4000000)
  from space 11264K, 71% used [0x00000000e4000000,0x00000000e47e8ff8,0x00000000e4b00000)
  to   space 11264K, 0% used [0x00000000e6f80000,0x00000000e6f80000,0x00000000e7a80000)
 ParOldGen       total 60928K, used 9546K [0x00000000a0000000, 0x00000000a3b80000, 0x00000000e0000000)
  object space 60928K, 15% used [0x00000000a0000000,0x00000000a0952b70,0x00000000a3b80000)
 Metaspace       used 29130K, capacity 29700K, committed 30080K, reserved 1075200K
  class space    used 3938K, capacity 4135K, committed 4224K, reserved 1048576K
}
Event: 4.374 GC heap before
{Heap before GC invocations=9 (full 1):
 PSYoungGen      total 76800K, used 73635K [0x00000000e0000000, 0x00000000e7a80000, 0x0000000100000000)
  eden space 65536K, 100% used [0x00000000e0000000,0x00000000e4000000,0x00000000e4000000)
  from space 11264K, 71% used [0x00000000e4000000,0x00000000e47e8ff8,0x00000000e4b00000)
  to   space 11264K, 0% used [0x00000000e6f80000,0x00000000e6f80000,0x00000000e7a80000)
 ParOldGen       total 60928K, used 9546K [0x00000000a0000000, 0x00000000a3b80000, 0x00000000e0000000)
  object space 60928K, 15% used [0x00000000a0000000,0x00000000a0952b70,0x00000000a3b80000)
 Metaspace       used 31991K, capacity 32604K, committed 32768K, reserved 1077248K
  class space    used 4396K, capacity 4591K, committed 4608K, reserved 1048576K
Event: 4.388 GC heap after
Heap after GC invocations=9 (full 1):
 PSYoungGen      total 113664K, used 8177K [0x00000000e0000000, 0x00000000e7d00000, 0x0000000100000000)
  eden space 102400K, 0% used [0x00000000e0000000,0x00000000e0000000,0x00000000e6400000)
  from space 11264K, 72% used [0x00000000e6f80000,0x00000000e777c7c0,0x00000000e7a80000)
  to   space 11776K, 0% used [0x00000000e6400000,0x00000000e6400000,0x00000000e6f80000)
 ParOldGen       total 60928K, used 9554K [0x00000000a0000000, 0x00000000a3b80000, 0x00000000e0000000)
  object space 60928K, 15% used [0x00000000a0000000,0x00000000a0954b70,0x00000000a3b80000)
 Metaspace       used 31991K, capacity 32604K, committed 32768K, reserved 1077248K
  class space    used 4396K, capacity 4591K, committed 4608K, reserved 1048576K
}
Event: 5.315 GC heap before
{Heap before GC invocations=10 (full 1):
 PSYoungGen      total 113664K, used 74144K [0x00000000e0000000, 0x00000000e7d00000, 0x0000000100000000)
  eden space 102400K, 64% used [0x00000000e0000000,0x00000000e406b878,0x00000000e6400000)
  from space 11264K, 72% used [0x00000000e6f80000,0x00000000e777c7c0,0x00000000e7a80000)
  to   space 11776K, 0% used [0x00000000e6400000,0x00000000e6400000,0x00000000e6f80000)
 ParOldGen       total 60928K, used 9554K [0x00000000a0000000, 0x00000000a3b80000, 0x00000000e0000000)
  object space 60928K, 15% used [0x00000000a0000000,0x00000000a0954b70,0x00000000a3b80000)
 Metaspace       used 34681K, capacity 35456K, committed 35496K, reserved 1079296K
  class space    used 4771K, capacity 4993K, committed 5032K, reserved 1048576K
Event: 5.336 GC heap after
Heap after GC invocations=10 (full 1):
 PSYoungGen      total 114176K, used 10389K [0x00000000e0000000, 0x00000000e9f80000, 0x0000000100000000)
  eden space 102400K, 0% used [0x00000000e0000000,0x00000000e0000000,0x00000000e6400000)
  from space 11776K, 88% used [0x00000000e6400000,0x00000000e6e256d0,0x00000000e6f80000)
  to   space 12288K, 0% used [0x00000000e9380000,0x00000000e9380000,0x00000000e9f80000)
 ParOldGen       total 60928K, used 9562K [0x00000000a0000000, 0x00000000a3b80000, 0x00000000e0000000)
  object space 60928K, 15% used [0x00000000a0000000,0x00000000a0956b70,0x00000000a3b80000)
 Metaspace       used 34681K, capacity 35456K, committed 35496K, reserved 1079296K
  class space    used 4771K, capacity 4993K, committed 5032K, reserved 1048576K
}
Event: 5.336 GC heap before
{Heap before GC invocations=11 (full 2):
 PSYoungGen      total 114176K, used 10389K [0x00000000e0000000, 0x00000000e9f80000, 0x0000000100000000)
  eden space 102400K, 0% used [0x00000000e0000000,0x00000000e0000000,0x00000000e6400000)
  from space 11776K, 88% used [0x00000000e6400000,0x00000000e6e256d0,0x00000000e6f80000)
  to   space 12288K, 0% used [0x00000000e9380000,0x00000000e9380000,0x00000000e9f80000)
 ParOldGen       total 60928K, used 9562K [0x00000000a0000000, 0x00000000a3b80000, 0x00000000e0000000)
  object space 60928K, 15% used [0x00000000a0000000,0x00000000a0956b70,0x00000000a3b80000)
 Metaspace       used 34681K, capacity 35456K, committed 35496K, reserved 1079296K
  class space    used 4771K, capacity 4993K, committed 5032K, reserved 1048576K

