# JRE version: OpenJDK Runtime Environment (8.0_242-b01) (build 1.8.0_242-release-1644-b01)
# Java VM: OpenJDK 64-Bit Server VM (25.242-b01 mixed mode windows-amd64 compressed oops)
Heap:
 PSYoungGen      total 182272K, used 8763K [0x00000000e0000000, 0x00000000ec880000, 0x0000000100000000)
  eden space 175616K, 4% used [0x00000000e0000000,0x00000000e088ecf0,0x00000000eab80000)
  from space 6656K, 0% used [0x00000000ec200000,0x00000000ec200000,0x00000000ec880000)
  to   space 12288K, 0% used [0x00000000eb080000,0x00000000eb080000,0x00000000ebc80000)
 ParOldGen       total 71168K, used 18834K [0x00000000a0000000, 0x00000000a4580000, 0x00000000e0000000)
  object space 71168K, 26% used [0x00000000a0000000,0x00000000a12649d8,0x00000000a4580000)
 Metaspace       used 38324K, capacity 39918K, committed 40232K, reserved 1085440K
  class space    used 5274K, capacity 5622K, committed 5680K, reserved 1048576K
GC Heap History (10 events):
Event: 4.936 GC heap before
{Heap before GC invocations=7 (full 0):
 PSYoungGen      total 76288K, used 10929K [0x00000000e0000000, 0x00000000e5600000, 0x0000000100000000)
  eden space 66048K, 3% used [0x00000000e0000000,0x00000000e0247bd0,0x00000000e4080000)
  from space 10240K, 83% used [0x00000000e4b00000,0x00000000e53649a0,0x00000000e5500000)
  to   space 10752K, 0% used [0x00000000e4080000,0x00000000e4080000,0x00000000e4b00000)
 ParOldGen       total 87552K, used 6554K [0x00000000a0000000, 0x00000000a5580000, 0x00000000e0000000)
  object space 87552K, 7% used [0x00000000a0000000,0x00000000a0666960,0x00000000a5580000)
 Metaspace       used 20571K, capacity 21224K, committed 21296K, reserved 1067008K
  class space    used 2873K, capacity 3076K, committed 3120K, reserved 1048576K
Event: 4.946 GC heap after
Heap after GC invocations=7 (full 0):
 PSYoungGen      total 76800K, used 3728K [0x00000000e0000000, 0x00000000e9600000, 0x0000000100000000)
  eden space 66048K, 0% used [0x00000000e0000000,0x00000000e0000000,0x00000000e4080000)
  from space 10752K, 34% used [0x00000000e4080000,0x00000000e4424040,0x00000000e4b00000)
  to   space 10752K, 0% used [0x00000000e8b80000,0x00000000e8b80000,0x00000000e9600000)
 ParOldGen       total 87552K, used 8870K [0x00000000a0000000, 0x00000000a5580000, 0x00000000e0000000)
  object space 87552K, 10% used [0x00000000a0000000,0x00000000a08a99c0,0x00000000a5580000)
 Metaspace       used 20571K, capacity 21224K, committed 21296K, reserved 1067008K
  class space    used 2873K, capacity 3076K, committed 3120K, reserved 1048576K
}
Event: 4.946 GC heap before
{Heap before GC invocations=8 (full 1):
 PSYoungGen      total 76800K, used 3728K [0x00000000e0000000, 0x00000000e9600000, 0x0000000100000000)
  eden space 66048K, 0% used [0x00000000e0000000,0x00000000e0000000,0x00000000e4080000)
  from space 10752K, 34% used [0x00000000e4080000,0x00000000e4424040,0x00000000e4b00000)
  to   space 10752K, 0% used [0x00000000e8b80000,0x00000000e8b80000,0x00000000e9600000)
 ParOldGen       total 87552K, used 8870K [0x00000000a0000000, 0x00000000a5580000, 0x00000000e0000000)
  object space 87552K, 10% used [0x00000000a0000000,0x00000000a08a99c0,0x00000000a5580000)
 Metaspace       used 20571K, capacity 21224K, committed 21296K, reserved 1067008K
  class space    used 2873K, capacity 3076K, committed 3120K, reserved 1048576K
Event: 5.007 GC heap after
Heap after GC invocations=8 (full 1):
 PSYoungGen      total 76800K, used 0K [0x00000000e0000000, 0x00000000e9600000, 0x0000000100000000)
  eden space 66048K, 0% used [0x00000000e0000000,0x00000000e0000000,0x00000000e4080000)
  from space 10752K, 0% used [0x00000000e4080000,0x00000000e4080000,0x00000000e4b00000)
  to   space 10752K, 0% used [0x00000000e8b80000,0x00000000e8b80000,0x00000000e9600000)
 ParOldGen       total 47616K, used 6691K [0x00000000a0000000, 0x00000000a2e80000, 0x00000000e0000000)
  object space 47616K, 14% used [0x00000000a0000000,0x00000000a0688e18,0x00000000a2e80000)
 Metaspace       used 20571K, capacity 21224K, committed 21296K, reserved 1067008K
  class space    used 2873K, capacity 3076K, committed 3120K, reserved 1048576K
}
Event: 6.173 GC heap before
{Heap before GC invocations=9 (full 1):
 PSYoungGen      total 76800K, used 66048K [0x00000000e0000000, 0x00000000e9600000, 0x0000000100000000)
  eden space 66048K, 100% used [0x00000000e0000000,0x00000000e4080000,0x00000000e4080000)
  from space 10752K, 0% used [0x00000000e4080000,0x00000000e4080000,0x00000000e4b00000)
  to   space 10752K, 0% used [0x00000000e8b80000,0x00000000e8b80000,0x00000000e9600000)
 ParOldGen       total 47616K, used 6694K [0x00000000a0000000, 0x00000000a2e80000, 0x00000000e0000000)
  object space 47616K, 14% used [0x00000000a0000000,0x00000000a0689a28,0x00000000a2e80000)
 Metaspace       used 28478K, capacity 29374K, committed 29616K, reserved 1075200K
  class space    used 3943K, capacity 4187K, committed 4272K, reserved 1048576K
Event: 6.184 GC heap after
Heap after GC invocations=9 (full 1):
 PSYoungGen      total 131584K, used 8155K [0x00000000e0000000, 0x00000000e9380000, 0x0000000100000000)
  eden space 123392K, 0% used [0x00000000e0000000,0x00000000e0000000,0x00000000e7880000)
  from space 8192K, 99% used [0x00000000e8b80000,0x00000000e9376d10,0x00000000e9380000)
  to   space 11264K, 0% used [0x00000000e7d80000,0x00000000e7d80000,0x00000000e8880000)
 ParOldGen       total 47616K, used 6702K [0x00000000a0000000, 0x00000000a2e80000, 0x00000000e0000000)
  object space 47616K, 14% used [0x00000000a0000000,0x00000000a068ba28,0x00000000a2e80000)
 Metaspace       used 28478K, capacity 29374K, committed 29616K, reserved 1075200K
  class space    used 3943K, capacity 4187K, committed 4272K, reserved 1048576K
}
Event: 7.646 GC heap before
{Heap before GC invocations=10 (full 1):
 PSYoungGen      total 131584K, used 107697K [0x00000000e0000000, 0x00000000e9380000, 0x0000000100000000)
  eden space 123392K, 80% used [0x00000000e0000000,0x00000000e6135a50,0x00000000e7880000)
  from space 8192K, 99% used [0x00000000e8b80000,0x00000000e9376d10,0x00000000e9380000)
  to   space 11264K, 0% used [0x00000000e7d80000,0x00000000e7d80000,0x00000000e8880000)
 ParOldGen       total 47616K, used 6702K [0x00000000a0000000, 0x00000000a2e80000, 0x00000000e0000000)
  object space 47616K, 14% used [0x00000000a0000000,0x00000000a068ba28,0x00000000a2e80000)
 Metaspace       used 34361K, capacity 35420K, committed 35496K, reserved 1079296K
  class space    used 4732K, capacity 5003K, committed 5040K, reserved 1048576K
Event: 7.675 GC heap after
Heap after GC invocations=10 (full 1):
 PSYoungGen      total 139776K, used 11245K [0x00000000e0000000, 0x00000000ece80000, 0x0000000100000000)
  eden space 128512K, 0% used [0x00000000e0000000,0x00000000e0000000,0x00000000e7d80000)
  from space 11264K, 99% used [0x00000000e7d80000,0x00000000e887b750,0x00000000e8880000)
  to   space 12800K, 0% used [0x00000000ec200000,0x00000000ec200000,0x00000000ece80000)
 ParOldGen       total 47616K, used 6779K [0x00000000a0000000, 0x00000000a2e80000, 0x00000000e0000000)
  object space 47616K, 14% used [0x00000000a0000000,0x00000000a069efa8,0x00000000a2e80000)
 Metaspace       used 34361K, capacity 35420K, committed 35496K, reserved 1079296K
  class space    used 4732K, capacity 5003K, committed 5040K, reserved 1048576K
}
Event: 7.675 GC heap before
{Heap before GC invocations=11 (full 2):
 PSYoungGen      total 139776K, used 11245K [0x00000000e0000000, 0x00000000ece80000, 0x0000000100000000)
  eden space 128512K, 0% used [0x00000000e0000000,0x00000000e0000000,0x00000000e7d80000)
  from space 11264K, 99% used [0x00000000e7d80000,0x00000000e887b750,0x00000000e8880000)
  to   space 12800K, 0% used [0x00000000ec200000,0x00000000ec200000,0x00000000ece80000)
 ParOldGen       total 47616K, used 6779K [0x00000000a0000000, 0x00000000a2e80000, 0x00000000e0000000)
  object space 47616K, 14% used [0x00000000a0000000,0x00000000a069efa8,0x00000000a2e80000)
 Metaspace       used 34361K, capacity 35420K, committed 35496K, reserved 1079296K
  class space    used 4732K, capacity 5003K, committed 5040K, reserved 1048576K
Event: 7.820 GC heap after
Heap after GC invocations=11 (full 2):
 PSYoungGen      total 139776K, used 0K [0x00000000e0000000, 0x00000000ece80000, 0x0000000100000000)
  eden space 128512K, 0% used [0x00000000e0000000,0x00000000e0000000,0x00000000e7d80000)
  from space 11264K, 0% used [0x00000000e7d80000,0x00000000e7d80000,0x00000000e8880000)
  to   space 12800K, 0% used [0x00000000ec200000,0x00000000ec200000,0x00000000ece80000)
 ParOldGen       total 71168K, used 17579K [0x00000000a0000000, 0x00000000a4580000, 0x00000000e0000000)
  object space 71168K, 24% used [0x00000000a0000000,0x00000000a112ae98,0x00000000a4580000)
 Metaspace       used 34361K, capacity 35420K, committed 35496K, reserved 1079296K
  class space    used 4732K, capacity 5003K, committed 5040K, reserved 1048576K
}

