# JRE version: OpenJDK Runtime Environment (8.0_212-b04) (build 1.8.0_212-release-1586-b04)
# Java VM: OpenJDK 64-Bit Server VM (25.212-b04 mixed mode windows-amd64 compressed oops)
Heap:
 PSYoungGen      total 117760K, used 10055K [0x00000000e0000000, 0x00000000ea500000, 0x0000000100000000)
  eden space 105984K, 9% used [0x00000000e0000000,0x00000000e09d1d28,0x00000000e6780000)
  from space 11776K, 0% used [0x00000000e6780000,0x00000000e6780000,0x00000000e7300000)
  to   space 12288K, 0% used [0x00000000e9900000,0x00000000e9900000,0x00000000ea500000)
 ParOldGen       total 59904K, used 17093K [0x00000000a0000000, 0x00000000a3a80000, 0x00000000e0000000)
  object space 59904K, 28% used [0x00000000a0000000,0x00000000a10b1680,0x00000000a3a80000)
 Metaspace       used 34985K, capacity 35876K, committed 36096K, reserved 1081344K
  class space    used 4821K, capacity 5079K, committed 5120K, reserved 1048576K
GC Heap History (10 events):
Event: 3.129 GC heap before
{Heap before GC invocations=7 (full 1):
 PSYoungGen      total 76800K, used 8783K [0x00000000e0000000, 0x00000000e5700000, 0x0000000100000000)
  eden space 66048K, 0% used [0x00000000e0000000,0x00000000e0000000,0x00000000e4080000)
  from space 10752K, 81% used [0x00000000e4b80000,0x00000000e5413dc0,0x00000000e5600000)
  to   space 11264K, 0% used [0x00000000e4080000,0x00000000e4080000,0x00000000e4b80000)
 ParOldGen       total 87552K, used 7625K [0x00000000a0000000, 0x00000000a5580000, 0x00000000e0000000)
  object space 87552K, 8% used [0x00000000a0000000,0x00000000a07727c0,0x00000000a5580000)
 Metaspace       used 20717K, capacity 21194K, committed 21296K, reserved 1067008K
  class space    used 2999K, capacity 3161K, committed 3200K, reserved 1048576K
Event: 3.172 GC heap after
Heap after GC invocations=7 (full 1):
 PSYoungGen      total 76800K, used 0K [0x00000000e0000000, 0x00000000e5700000, 0x0000000100000000)
  eden space 66048K, 0% used [0x00000000e0000000,0x00000000e0000000,0x00000000e4080000)
  from space 10752K, 0% used [0x00000000e4b80000,0x00000000e4b80000,0x00000000e5600000)
  to   space 11264K, 0% used [0x00000000e4080000,0x00000000e4080000,0x00000000e4b80000)
 ParOldGen       total 59904K, used 9514K [0x00000000a0000000, 0x00000000a3a80000, 0x00000000e0000000)
  object space 59904K, 15% used [0x00000000a0000000,0x00000000a094ab78,0x00000000a3a80000)
 Metaspace       used 20717K, capacity 21194K, committed 21296K, reserved 1067008K
  class space    used 2999K, capacity 3161K, committed 3200K, reserved 1048576K
}
Event: 4.071 GC heap before
{Heap before GC invocations=8 (full 1):
 PSYoungGen      total 76800K, used 66048K [0x00000000e0000000, 0x00000000e5700000, 0x0000000100000000)
  eden space 66048K, 100% used [0x00000000e0000000,0x00000000e4080000,0x00000000e4080000)
  from space 10752K, 0% used [0x00000000e4b80000,0x00000000e4b80000,0x00000000e5600000)
  to   space 11264K, 0% used [0x00000000e4080000,0x00000000e4080000,0x00000000e4b80000)
 ParOldGen       total 59904K, used 9514K [0x00000000a0000000, 0x00000000a3a80000, 0x00000000e0000000)
  object space 59904K, 15% used [0x00000000a0000000,0x00000000a094ab78,0x00000000a3a80000)
 Metaspace       used 29130K, capacity 29708K, committed 30080K, reserved 1075200K
  class space    used 3937K, capacity 4135K, committed 4224K, reserved 1048576K
Event: 4.089 GC heap after
Heap after GC invocations=8 (full 1):
 PSYoungGen      total 77312K, used 8116K [0x00000000e0000000, 0x00000000e7e00000, 0x0000000100000000)
  eden space 66048K, 0% used [0x00000000e0000000,0x00000000e0000000,0x00000000e4080000)
  from space 11264K, 72% used [0x00000000e4080000,0x00000000e486d3f0,0x00000000e4b80000)
  to   space 11264K, 0% used [0x00000000e7300000,0x00000000e7300000,0x00000000e7e00000)
 ParOldGen       total 59904K, used 9522K [0x00000000a0000000, 0x00000000a3a80000, 0x00000000e0000000)
  object space 59904K, 15% used [0x00000000a0000000,0x00000000a094cb78,0x00000000a3a80000)
 Metaspace       used 29130K, capacity 29708K, committed 30080K, reserved 1075200K
  class space    used 3937K, capacity 4135K, committed 4224K, reserved 1048576K
}
Event: 4.627 GC heap before
{Heap before GC invocations=9 (full 1):
 PSYoungGen      total 77312K, used 74164K [0x00000000e0000000, 0x00000000e7e00000, 0x0000000100000000)
  eden space 66048K, 100% used [0x00000000e0000000,0x00000000e4080000,0x00000000e4080000)
  from space 11264K, 72% used [0x00000000e4080000,0x00000000e486d3f0,0x00000000e4b80000)
  to   space 11264K, 0% used [0x00000000e7300000,0x00000000e7300000,0x00000000e7e00000)
 ParOldGen       total 59904K, used 9522K [0x00000000a0000000, 0x00000000a3a80000, 0x00000000e0000000)
  object space 59904K, 15% used [0x00000000a0000000,0x00000000a094cb78,0x00000000a3a80000)
 Metaspace       used 32046K, capacity 32612K, committed 32768K, reserved 1077248K
  class space    used 4402K, capacity 4591K, committed 4608K, reserved 1048576K
Event: 4.639 GC heap after
Heap after GC invocations=9 (full 1):
 PSYoungGen      total 117248K, used 8234K [0x00000000e0000000, 0x00000000e7f00000, 0x0000000100000000)
  eden space 105984K, 0% used [0x00000000e0000000,0x00000000e0000000,0x00000000e6780000)
  from space 11264K, 73% used [0x00000000e7300000,0x00000000e7b0a800,0x00000000e7e00000)
  to   space 11776K, 0% used [0x00000000e6780000,0x00000000e6780000,0x00000000e7300000)
 ParOldGen       total 59904K, used 9530K [0x00000000a0000000, 0x00000000a3a80000, 0x00000000e0000000)
  object space 59904K, 15% used [0x00000000a0000000,0x00000000a094eb78,0x00000000a3a80000)
 Metaspace       used 32046K, capacity 32612K, committed 32768K, reserved 1077248K
  class space    used 4402K, capacity 4591K, committed 4608K, reserved 1048576K
}
Event: 5.578 GC heap before
{Heap before GC invocations=10 (full 1):
 PSYoungGen      total 117248K, used 72362K [0x00000000e0000000, 0x00000000e7f00000, 0x0000000100000000)
  eden space 105984K, 60% used [0x00000000e0000000,0x00000000e3ea0318,0x00000000e6780000)
  from space 11264K, 73% used [0x00000000e7300000,0x00000000e7b0a800,0x00000000e7e00000)
  to   space 11776K, 0% used [0x00000000e6780000,0x00000000e6780000,0x00000000e7300000)
 ParOldGen       total 59904K, used 9530K [0x00000000a0000000, 0x00000000a3a80000, 0x00000000e0000000)
  object space 59904K, 15% used [0x00000000a0000000,0x00000000a094eb78,0x00000000a3a80000)
 Metaspace       used 34611K, capacity 35360K, committed 35456K, reserved 1079296K
  class space    used 4757K, capacity 4959K, committed 4992K, reserved 1048576K
Event: 5.592 GC heap after
Heap after GC invocations=10 (full 1):
 PSYoungGen      total 117760K, used 10213K [0x00000000e0000000, 0x00000000ea500000, 0x0000000100000000)
  eden space 105984K, 0% used [0x00000000e0000000,0x00000000e0000000,0x00000000e6780000)
  from space 11776K, 86% used [0x00000000e6780000,0x00000000e7179658,0x00000000e7300000)
  to   space 12288K, 0% used [0x00000000e9900000,0x00000000e9900000,0x00000000ea500000)
 ParOldGen       total 59904K, used 9538K [0x00000000a0000000, 0x00000000a3a80000, 0x00000000e0000000)
  object space 59904K, 15% used [0x00000000a0000000,0x00000000a0950b78,0x00000000a3a80000)
 Metaspace       used 34611K, capacity 35360K, committed 35456K, reserved 1079296K
  class space    used 4757K, capacity 4959K, committed 4992K, reserved 1048576K
}
Event: 5.592 GC heap before
{Heap before GC invocations=11 (full 2):
 PSYoungGen      total 117760K, used 10213K [0x00000000e0000000, 0x00000000ea500000, 0x0000000100000000)
  eden space 105984K, 0% used [0x00000000e0000000,0x00000000e0000000,0x00000000e6780000)
  from space 11776K, 86% used [0x00000000e6780000,0x00000000e7179658,0x00000000e7300000)
  to   space 12288K, 0% used [0x00000000e9900000,0x00000000e9900000,0x00000000ea500000)
 ParOldGen       total 59904K, used 9538K [0x00000000a0000000, 0x00000000a3a80000, 0x00000000e0000000)
  object space 59904K, 15% used [0x00000000a0000000,0x00000000a0950b78,0x00000000a3a80000)
 Metaspace       used 34611K, capacity 35360K, committed 35456K, reserved 1079296K
  class space    used 4757K, capacity 4959K, committed 4992K, reserved 1048576K
Event: 5.668 GC heap after
Heap after GC invocations=11 (full 2):
 PSYoungGen      total 117760K, used 0K [0x00000000e0000000, 0x00000000ea500000, 0x0000000100000000)
  eden space 105984K, 0% used [0x00000000e0000000,0x00000000e0000000,0x00000000e6780000)
  from space 11776K, 0% used [0x00000000e6780000,0x00000000e6780000,0x00000000e7300000)
  to   space 12288K, 0% used [0x00000000e9900000,0x00000000e9900000,0x00000000ea500000)
 ParOldGen       total 59904K, used 17093K [0x00000000a0000000, 0x00000000a3a80000, 0x00000000e0000000)
  object space 59904K, 28% used [0x00000000a0000000,0x00000000a10b1680,0x00000000a3a80000)
 Metaspace       used 34608K, capacity 35348K, committed 35456K, reserved 1079296K
  class space    used 4756K, capacity 4957K, committed 4992K, reserved 1048576K
}

