# JRE version: OpenJDK Runtime Environment (8.0_242-b01) (build 1.8.0_242-release-1644-b01)
# Java VM: OpenJDK 64-Bit Server VM (25.242-b01 mixed mode windows-amd64 compressed oops)
Heap:
 PSYoungGen      total 144384K, used 55574K [0x00000000e0000000, 0x00000000eb700000, 0x0000000100000000)
  eden space 122880K, 27% used [0x00000000e0000000,0x00000000e2146160,0x00000000e7800000)
  from space 21504K, 99% used [0x00000000e7800000,0x00000000e8cff788,0x00000000e8d00000)
  to   space 28160K, 0% used [0x00000000e9b80000,0x00000000e9b80000,0x00000000eb700000)
 ParOldGen       total 138240K, used 41838K [0x00000000a0000000, 0x00000000a8700000, 0x00000000e0000000)
  object space 138240K, 30% used [0x00000000a0000000,0x00000000a28dba18,0x00000000a8700000)
 Metaspace       used 79095K, capacity 82570K, committed 82856K, reserved 1122304K
  class space    used 10414K, capacity 11101K, committed 11184K, reserved 1048576K
GC Heap History (10 events):
Event: 74.383 GC heap before
{Heap before GC invocations=18 (full 3):
 PSYoungGen      total 118272K, used 10696K [0x00000000e0000000, 0x00000000e9280000, 0x0000000100000000)
  eden space 101888K, 0% used [0x00000000e0000000,0x00000000e0000000,0x00000000e6380000)
  from space 16384K, 65% used [0x00000000e6380000,0x00000000e6df2068,0x00000000e7380000)
  to   space 16384K, 0% used [0x00000000e8280000,0x00000000e8280000,0x00000000e9280000)
 ParOldGen       total 88576K, used 25314K [0x00000000a0000000, 0x00000000a5680000, 0x00000000e0000000)
  object space 88576K, 28% used [0x00000000a0000000,0x00000000a18b8900,0x00000000a5680000)
 Metaspace       used 56716K, capacity 59038K, committed 59160K, reserved 1099776K
  class space    used 7744K, capacity 8254K, committed 8368K, reserved 1048576K
Event: 75.103 GC heap after
Heap after GC invocations=18 (full 3):
 PSYoungGen      total 118272K, used 0K [0x00000000e0000000, 0x00000000e9280000, 0x0000000100000000)
  eden space 101888K, 0% used [0x00000000e0000000,0x00000000e0000000,0x00000000e6380000)
  from space 16384K, 0% used [0x00000000e6380000,0x00000000e6380000,0x00000000e7380000)
  to   space 16384K, 0% used [0x00000000e8280000,0x00000000e8280000,0x00000000e9280000)
 ParOldGen       total 138240K, used 30335K [0x00000000a0000000, 0x00000000a8700000, 0x00000000e0000000)
  object space 138240K, 21% used [0x00000000a0000000,0x00000000a1d9fc58,0x00000000a8700000)
 Metaspace       used 56705K, capacity 59002K, committed 59160K, reserved 1099776K
  class space    used 7741K, capacity 8248K, committed 8368K, reserved 1048576K
}
Event: 86.897 GC heap before
{Heap before GC invocations=19 (full 3):
 PSYoungGen      total 118272K, used 101888K [0x00000000e0000000, 0x00000000e9280000, 0x0000000100000000)
  eden space 101888K, 100% used [0x00000000e0000000,0x00000000e6380000,0x00000000e6380000)
  from space 16384K, 0% used [0x00000000e6380000,0x00000000e6380000,0x00000000e7380000)
  to   space 16384K, 0% used [0x00000000e8280000,0x00000000e8280000,0x00000000e9280000)
 ParOldGen       total 138240K, used 30335K [0x00000000a0000000, 0x00000000a8700000, 0x00000000e0000000)
  object space 138240K, 21% used [0x00000000a0000000,0x00000000a1d9fc58,0x00000000a8700000)
 Metaspace       used 62759K, capacity 65584K, committed 65832K, reserved 1105920K
  class space    used 8686K, capacity 9241K, committed 9264K, reserved 1048576K
Event: 86.938 GC heap after
Heap after GC invocations=19 (full 3):
 PSYoungGen      total 133120K, used 10284K [0x00000000e0000000, 0x00000000e9300000, 0x0000000100000000)
  eden space 116736K, 0% used [0x00000000e0000000,0x00000000e0000000,0x00000000e7200000)
  from space 16384K, 62% used [0x00000000e8280000,0x00000000e8c8b320,0x00000000e9280000)
  to   space 16896K, 0% used [0x00000000e7200000,0x00000000e7200000,0x00000000e8280000)
 ParOldGen       total 138240K, used 30343K [0x00000000a0000000, 0x00000000a8700000, 0x00000000e0000000)
  object space 138240K, 21% used [0x00000000a0000000,0x00000000a1da1c58,0x00000000a8700000)
 Metaspace       used 62759K, capacity 65584K, committed 65832K, reserved 1105920K
  class space    used 8686K, capacity 9241K, committed 9264K, reserved 1048576K
}
Event: 101.769 GC heap before
{Heap before GC invocations=20 (full 3):
 PSYoungGen      total 133120K, used 127020K [0x00000000e0000000, 0x00000000e9300000, 0x0000000100000000)
  eden space 116736K, 100% used [0x00000000e0000000,0x00000000e7200000,0x00000000e7200000)
  from space 16384K, 62% used [0x00000000e8280000,0x00000000e8c8b320,0x00000000e9280000)
  to   space 16896K, 0% used [0x00000000e7200000,0x00000000e7200000,0x00000000e8280000)
 ParOldGen       total 138240K, used 30343K [0x00000000a0000000, 0x00000000a8700000, 0x00000000e0000000)
  object space 138240K, 21% used [0x00000000a0000000,0x00000000a1da1c58,0x00000000a8700000)
 Metaspace       used 66037K, capacity 69096K, committed 69416K, reserved 1110016K
  class space    used 9079K, capacity 9683K, committed 9776K, reserved 1048576K
Event: 101.793 GC heap after
Heap after GC invocations=20 (full 3):
 PSYoungGen      total 133632K, used 13680K [0x00000000e0000000, 0x00000000e9e80000, 0x0000000100000000)
  eden space 116736K, 0% used [0x00000000e0000000,0x00000000e0000000,0x00000000e7200000)
  from space 16896K, 80% used [0x00000000e7200000,0x00000000e7f5c198,0x00000000e8280000)
  to   space 17920K, 0% used [0x00000000e8d00000,0x00000000e8d00000,0x00000000e9e80000)
 ParOldGen       total 138240K, used 30351K [0x00000000a0000000, 0x00000000a8700000, 0x00000000e0000000)
  object space 138240K, 21% used [0x00000000a0000000,0x00000000a1da3c58,0x00000000a8700000)
 Metaspace       used 66037K, capacity 69096K, committed 69416K, reserved 1110016K
  class space    used 9079K, capacity 9683K, committed 9776K, reserved 1048576K
}
Event: 120.097 GC heap before
{Heap before GC invocations=21 (full 3):
 PSYoungGen      total 133632K, used 130416K [0x00000000e0000000, 0x00000000e9e80000, 0x0000000100000000)
  eden space 116736K, 100% used [0x00000000e0000000,0x00000000e7200000,0x00000000e7200000)
  from space 16896K, 80% used [0x00000000e7200000,0x00000000e7f5c198,0x00000000e8280000)
  to   space 17920K, 0% used [0x00000000e8d00000,0x00000000e8d00000,0x00000000e9e80000)
 ParOldGen       total 138240K, used 30351K [0x00000000a0000000, 0x00000000a8700000, 0x00000000e0000000)
  object space 138240K, 21% used [0x00000000a0000000,0x00000000a1da3c58,0x00000000a8700000)
 Metaspace       used 71370K, capacity 74580K, committed 74920K, reserved 1116160K
  class space    used 9721K, capacity 10358K, committed 10416K, reserved 1048576K
Event: 120.168 GC heap after
Heap after GC invocations=21 (full 3):
 PSYoungGen      total 140800K, used 17915K [0x00000000e0000000, 0x00000000ea500000, 0x0000000100000000)
  eden space 122880K, 0% used [0x00000000e0000000,0x00000000e0000000,0x00000000e7800000)
  from space 17920K, 99% used [0x00000000e8d00000,0x00000000e9e7ef48,0x00000000e9e80000)
  to   space 21504K, 0% used [0x00000000e7800000,0x00000000e7800000,0x00000000e8d00000)
 ParOldGen       total 138240K, used 33261K [0x00000000a0000000, 0x00000000a8700000, 0x00000000e0000000)
  object space 138240K, 24% used [0x00000000a0000000,0x00000000a207b480,0x00000000a8700000)
 Metaspace       used 71370K, capacity 74580K, committed 74920K, reserved 1116160K
  class space    used 9721K, capacity 10358K, committed 10416K, reserved 1048576K
}
Event: 173.094 GC heap before
{Heap before GC invocations=22 (full 3):
 PSYoungGen      total 140800K, used 140795K [0x00000000e0000000, 0x00000000ea500000, 0x0000000100000000)
  eden space 122880K, 100% used [0x00000000e0000000,0x00000000e7800000,0x00000000e7800000)
  from space 17920K, 99% used [0x00000000e8d00000,0x00000000e9e7ef48,0x00000000e9e80000)
  to   space 21504K, 0% used [0x00000000e7800000,0x00000000e7800000,0x00000000e8d00000)
 ParOldGen       total 138240K, used 33261K [0x00000000a0000000, 0x00000000a8700000, 0x00000000e0000000)
  object space 138240K, 24% used [0x00000000a0000000,0x00000000a207b480,0x00000000a8700000)
 Metaspace       used 78787K, capacity 82250K, committed 82344K, reserved 1122304K
  class space    used 10412K, capacity 11101K, committed 11184K, reserved 1048576K
Event: 173.190 GC heap after
Heap after GC invocations=22 (full 3):
 PSYoungGen      total 144384K, used 21501K [0x00000000e0000000, 0x00000000eb700000, 0x0000000100000000)
  eden space 122880K, 0% used [0x00000000e0000000,0x00000000e0000000,0x00000000e7800000)
  from space 21504K, 99% used [0x00000000e7800000,0x00000000e8cff788,0x00000000e8d00000)
  to   space 28160K, 0% used [0x00000000e9b80000,0x00000000e9b80000,0x00000000eb700000)
 ParOldGen       total 138240K, used 41838K [0x00000000a0000000, 0x00000000a8700000, 0x00000000e0000000)
  object space 138240K, 30% used [0x00000000a0000000,0x00000000a28dba18,0x00000000a8700000)
 Metaspace       used 78787K, capacity 82250K, committed 82344K, reserved 1122304K
  class space    used 10412K, capacity 11101K, committed 11184K, reserved 1048576K
}

