# JRE version: OpenJDK Runtime Environment (8.0_242-b01) (build 1.8.0_242-release-1644-b01)
# Java VM: OpenJDK 64-Bit Server VM (25.242-b01 mixed mode windows-amd64 compressed oops)
Heap:
 PSYoungGen      total 244224K, used 51233K [0x00000000e0000000, 0x00000000f0f80000, 0x0000000100000000)
  eden space 224768K, 14% used [0x00000000e0000000,0x00000000e1f0ba40,0x00000000edb80000)
  from space 19456K, 99% used [0x00000000edb80000,0x00000000eee7cc70,0x00000000eee80000)
  to   space 19456K, 0% used [0x00000000eee80000,0x00000000eee80000,0x00000000f0180000)
 ParOldGen       total 108544K, used 37330K [0x00000000a0000000, 0x00000000a6a00000, 0x00000000e0000000)
  object space 108544K, 34% used [0x00000000a0000000,0x00000000a24749e8,0x00000000a6a00000)
 Metaspace       used 68006K, capacity 71130K, committed 71320K, reserved 1110016K
  class space    used 9253K, capacity 9900K, committed 9904K, reserved 1048576K
GC Heap History (10 events):
Event: 5.537 GC heap before
{Heap before GC invocations=12 (full 2):
 PSYoungGen      total 138752K, used 127488K [0x00000000e0000000, 0x00000000ec680000, 0x0000000100000000)
  eden space 127488K, 100% used [0x00000000e0000000,0x00000000e7c80000,0x00000000e7c80000)
  from space 11264K, 0% used [0x00000000e7c80000,0x00000000e7c80000,0x00000000e8780000)
  to   space 12800K, 0% used [0x00000000eba00000,0x00000000eba00000,0x00000000ec680000)
 ParOldGen       total 74752K, used 17452K [0x00000000a0000000, 0x00000000a4900000, 0x00000000e0000000)
  object space 74752K, 23% used [0x00000000a0000000,0x00000000a110b240,0x00000000a4900000)
 Metaspace       used 39603K, capacity 41336K, committed 41512K, reserved 1085440K
  class space    used 5457K, capacity 5827K, committed 5936K, reserved 1048576K
Event: 5.549 GC heap after
Heap after GC invocations=12 (full 2):
 PSYoungGen      total 180224K, used 9088K [0x00000000e0000000, 0x00000000ec300000, 0x0000000100000000)
  eden space 171008K, 0% used [0x00000000e0000000,0x00000000e0000000,0x00000000ea700000)
  from space 9216K, 98% used [0x00000000eba00000,0x00000000ec2e0308,0x00000000ec300000)
  to   space 12800K, 0% used [0x00000000eaa00000,0x00000000eaa00000,0x00000000eb680000)
 ParOldGen       total 74752K, used 17460K [0x00000000a0000000, 0x00000000a4900000, 0x00000000e0000000)
  object space 74752K, 23% used [0x00000000a0000000,0x00000000a110d240,0x00000000a4900000)
 Metaspace       used 39603K, capacity 41336K, committed 41512K, reserved 1085440K
  class space    used 5457K, capacity 5827K, committed 5936K, reserved 1048576K
}
Event: 7.596 GC heap before
{Heap before GC invocations=13 (full 2):
 PSYoungGen      total 180224K, used 180096K [0x00000000e0000000, 0x00000000ec300000, 0x0000000100000000)
  eden space 171008K, 100% used [0x00000000e0000000,0x00000000ea700000,0x00000000ea700000)
  from space 9216K, 98% used [0x00000000eba00000,0x00000000ec2e0308,0x00000000ec300000)
  to   space 12800K, 0% used [0x00000000eaa00000,0x00000000eaa00000,0x00000000eb680000)
 ParOldGen       total 74752K, used 17460K [0x00000000a0000000, 0x00000000a4900000, 0x00000000e0000000)
  object space 74752K, 23% used [0x00000000a0000000,0x00000000a110d240,0x00000000a4900000)
 Metaspace       used 55359K, capacity 57574K, committed 57768K, reserved 1099776K
  class space    used 7532K, capacity 8028K, committed 8112K, reserved 1048576K
Event: 7.622 GC heap after
Heap after GC invocations=13 (full 2):
 PSYoungGen      total 186880K, used 12780K [0x00000000e0000000, 0x00000000f0180000, 0x0000000100000000)
  eden space 174080K, 0% used [0x00000000e0000000,0x00000000e0000000,0x00000000eaa00000)
  from space 12800K, 99% used [0x00000000eaa00000,0x00000000eb67b2a0,0x00000000eb680000)
  to   space 19456K, 0% used [0x00000000eee80000,0x00000000eee80000,0x00000000f0180000)
 ParOldGen       total 74752K, used 30494K [0x00000000a0000000, 0x00000000a4900000, 0x00000000e0000000)
  object space 74752K, 40% used [0x00000000a0000000,0x00000000a1dc7a90,0x00000000a4900000)
 Metaspace       used 55359K, capacity 57574K, committed 57768K, reserved 1099776K
  class space    used 7532K, capacity 8028K, committed 8112K, reserved 1048576K
}
Event: 7.823 GC heap before
{Heap before GC invocations=14 (full 2):
 PSYoungGen      total 186880K, used 31736K [0x00000000e0000000, 0x00000000f0180000, 0x0000000100000000)
  eden space 174080K, 10% used [0x00000000e0000000,0x00000000e1282fa0,0x00000000eaa00000)
  from space 12800K, 99% used [0x00000000eaa00000,0x00000000eb67b2a0,0x00000000eb680000)
  to   space 19456K, 0% used [0x00000000eee80000,0x00000000eee80000,0x00000000f0180000)
 ParOldGen       total 74752K, used 30494K [0x00000000a0000000, 0x00000000a4900000, 0x00000000e0000000)
  object space 74752K, 40% used [0x00000000a0000000,0x00000000a1dc7a90,0x00000000a4900000)
 Metaspace       used 56655K, capacity 58962K, committed 59160K, reserved 1099776K
  class space    used 7740K, capacity 8216K, committed 8240K, reserved 1048576K
Event: 7.845 GC heap after
Heap after GC invocations=14 (full 2):
 PSYoungGen      total 244224K, used 1792K [0x00000000e0000000, 0x00000000f0f80000, 0x0000000100000000)
  eden space 224768K, 0% used [0x00000000e0000000,0x00000000e0000000,0x00000000edb80000)
  from space 19456K, 9% used [0x00000000eee80000,0x00000000ef040000,0x00000000f0180000)
  to   space 19456K, 0% used [0x00000000edb80000,0x00000000edb80000,0x00000000eee80000)
 ParOldGen       total 74752K, used 41182K [0x00000000a0000000, 0x00000000a4900000, 0x00000000e0000000)
  object space 74752K, 55% used [0x00000000a0000000,0x00000000a2837910,0x00000000a4900000)
 Metaspace       used 56655K, capacity 58962K, committed 59160K, reserved 1099776K
  class space    used 7740K, capacity 8216K, committed 8240K, reserved 1048576K
}
Event: 7.845 GC heap before
{Heap before GC invocations=15 (full 3):
 PSYoungGen      total 244224K, used 1792K [0x00000000e0000000, 0x00000000f0f80000, 0x0000000100000000)
  eden space 224768K, 0% used [0x00000000e0000000,0x00000000e0000000,0x00000000edb80000)
  from space 19456K, 9% used [0x00000000eee80000,0x00000000ef040000,0x00000000f0180000)
  to   space 19456K, 0% used [0x00000000edb80000,0x00000000edb80000,0x00000000eee80000)
 ParOldGen       total 74752K, used 41182K [0x00000000a0000000, 0x00000000a4900000, 0x00000000e0000000)
  object space 74752K, 55% used [0x00000000a0000000,0x00000000a2837910,0x00000000a4900000)
 Metaspace       used 56655K, capacity 58962K, committed 59160K, reserved 1099776K
  class space    used 7740K, capacity 8216K, committed 8240K, reserved 1048576K
Event: 8.106 GC heap after
Heap after GC invocations=15 (full 3):
 PSYoungGen      total 244224K, used 0K [0x00000000e0000000, 0x00000000f0f80000, 0x0000000100000000)
  eden space 224768K, 0% used [0x00000000e0000000,0x00000000e0000000,0x00000000edb80000)
  from space 19456K, 0% used [0x00000000eee80000,0x00000000eee80000,0x00000000f0180000)
  to   space 19456K, 0% used [0x00000000edb80000,0x00000000edb80000,0x00000000eee80000)
 ParOldGen       total 108544K, used 29168K [0x00000000a0000000, 0x00000000a6a00000, 0x00000000e0000000)
  object space 108544K, 26% used [0x00000000a0000000,0x00000000a1c7c058,0x00000000a6a00000)
 Metaspace       used 56653K, capacity 58956K, committed 59160K, reserved 1099776K
  class space    used 7740K, capacity 8215K, committed 8240K, reserved 1048576K
}
Event: 13.475 GC heap before
{Heap before GC invocations=16 (full 3):
 PSYoungGen      total 244224K, used 224761K [0x00000000e0000000, 0x00000000f0f80000, 0x0000000100000000)
  eden space 224768K, 99% used [0x00000000e0000000,0x00000000edb7e740,0x00000000edb80000)
  from space 19456K, 0% used [0x00000000eee80000,0x00000000eee80000,0x00000000f0180000)
  to   space 19456K, 0% used [0x00000000edb80000,0x00000000edb80000,0x00000000eee80000)
 ParOldGen       total 108544K, used 29168K [0x00000000a0000000, 0x00000000a6a00000, 0x00000000e0000000)
  object space 108544K, 26% used [0x00000000a0000000,0x00000000a1c7c058,0x00000000a6a00000)
 Metaspace       used 67416K, capacity 70512K, committed 70808K, reserved 1110016K
  class space    used 9187K, capacity 9807K, committed 9904K, reserved 1048576K
Event: 13.507 GC heap after
Heap after GC invocations=16 (full 3):
 PSYoungGen      total 244224K, used 19443K [0x00000000e0000000, 0x00000000f0f80000, 0x0000000100000000)
  eden space 224768K, 0% used [0x00000000e0000000,0x00000000e0000000,0x00000000edb80000)
  from space 19456K, 99% used [0x00000000edb80000,0x00000000eee7cc70,0x00000000eee80000)
  to   space 19456K, 0% used [0x00000000eee80000,0x00000000eee80000,0x00000000f0180000)
 ParOldGen       total 108544K, used 37330K [0x00000000a0000000, 0x00000000a6a00000, 0x00000000e0000000)
  object space 108544K, 34% used [0x00000000a0000000,0x00000000a24749e8,0x00000000a6a00000)
 Metaspace       used 67416K, capacity 70512K, committed 70808K, reserved 1110016K
  class space    used 9187K, capacity 9807K, committed 9904K, reserved 1048576K
}

