# JRE version: OpenJDK Runtime Environment (8.0_242-b01) (build 1.8.0_242-release-1644-b01)
# Java VM: OpenJDK 64-Bit Server VM (25.242-b01 mixed mode windows-amd64 compressed oops)
Heap:
 PSYoungGen      total 249856K, used 45156K [0x00000000e0000000, 0x00000000f0400000, 0x0000000100000000)
  eden space 237568K, 19% used [0x00000000e0000000,0x00000000e2c19028,0x00000000ee800000)
  from space 12288K, 0% used [0x00000000ef800000,0x00000000ef800000,0x00000000f0400000)
  to   space 14336K, 0% used [0x00000000ee800000,0x00000000ee800000,0x00000000ef600000)
 ParOldGen       total 71168K, used 33446K [0x00000000a0000000, 0x00000000a4580000, 0x00000000e0000000)
  object space 71168K, 46% used [0x00000000a0000000,0x00000000a20a9a78,0x00000000a4580000)
 Metaspace       used 59844K, capacity 62320K, committed 62616K, reserved 1103872K
  class space    used 8279K, capacity 8829K, committed 8880K, reserved 1048576K
GC Heap History (10 events):
Event: 6.367 GC heap before
{Heap before GC invocations=9 (full 1):
 PSYoungGen      total 144896K, used 45158K [0x00000000e0000000, 0x00000000f0680000, 0x0000000100000000)
  eden space 133120K, 25% used [0x00000000e0000000,0x00000000e209ee58,0x00000000e8200000)
  from space 11776K, 99% used [0x00000000e8200000,0x00000000e8d7ab78,0x00000000e8d80000)
  to   space 14848K, 0% used [0x00000000ef800000,0x00000000ef800000,0x00000000f0680000)
 ParOldGen       total 56320K, used 13904K [0x00000000a0000000, 0x00000000a3700000, 0x00000000e0000000)
  object space 56320K, 24% used [0x00000000a0000000,0x00000000a0d94200,0x00000000a3700000)
 Metaspace       used 34358K, capacity 35420K, committed 35496K, reserved 1079296K
  class space    used 4731K, capacity 5003K, committed 5040K, reserved 1048576K
Event: 6.378 GC heap after
Heap after GC invocations=9 (full 1):
 PSYoungGen      total 249856K, used 8191K [0x00000000e0000000, 0x00000000f0400000, 0x0000000100000000)
  eden space 237568K, 0% used [0x00000000e0000000,0x00000000e0000000,0x00000000ee800000)
  from space 12288K, 66% used [0x00000000ef800000,0x00000000effffef0,0x00000000f0400000)
  to   space 14336K, 0% used [0x00000000ee800000,0x00000000ee800000,0x00000000ef600000)
 ParOldGen       total 56320K, used 13912K [0x00000000a0000000, 0x00000000a3700000, 0x00000000e0000000)
  object space 56320K, 24% used [0x00000000a0000000,0x00000000a0d96200,0x00000000a3700000)
 Metaspace       used 34358K, capacity 35420K, committed 35496K, reserved 1079296K
  class space    used 4731K, capacity 5003K, committed 5040K, reserved 1048576K
}
Event: 6.378 GC heap before
{Heap before GC invocations=10 (full 2):
 PSYoungGen      total 249856K, used 8191K [0x00000000e0000000, 0x00000000f0400000, 0x0000000100000000)
  eden space 237568K, 0% used [0x00000000e0000000,0x00000000e0000000,0x00000000ee800000)
  from space 12288K, 66% used [0x00000000ef800000,0x00000000effffef0,0x00000000f0400000)
  to   space 14336K, 0% used [0x00000000ee800000,0x00000000ee800000,0x00000000ef600000)
 ParOldGen       total 56320K, used 13912K [0x00000000a0000000, 0x00000000a3700000, 0x00000000e0000000)
  object space 56320K, 24% used [0x00000000a0000000,0x00000000a0d96200,0x00000000a3700000)
 Metaspace       used 34358K, capacity 35420K, committed 35496K, reserved 1079296K
  class space    used 4731K, capacity 5003K, committed 5040K, reserved 1048576K
Event: 6.464 GC heap after
Heap after GC invocations=10 (full 2):
 PSYoungGen      total 249856K, used 0K [0x00000000e0000000, 0x00000000f0400000, 0x0000000100000000)
  eden space 237568K, 0% used [0x00000000e0000000,0x00000000e0000000,0x00000000ee800000)
  from space 12288K, 0% used [0x00000000ef800000,0x00000000ef800000,0x00000000f0400000)
  to   space 14336K, 0% used [0x00000000ee800000,0x00000000ee800000,0x00000000ef600000)
 ParOldGen       total 71168K, used 14598K [0x00000000a0000000, 0x00000000a4580000, 0x00000000e0000000)
  object space 71168K, 20% used [0x00000000a0000000,0x00000000a0e41b60,0x00000000a4580000)
 Metaspace       used 34358K, capacity 35420K, committed 35496K, reserved 1079296K
  class space    used 4731K, capacity 5003K, committed 5040K, reserved 1048576K
}
Event: 10.491 GC heap before
{Heap before GC invocations=11 (full 2):
 PSYoungGen      total 249856K, used 237568K [0x00000000e0000000, 0x00000000f0400000, 0x0000000100000000)
  eden space 237568K, 100% used [0x00000000e0000000,0x00000000ee800000,0x00000000ee800000)
  from space 12288K, 0% used [0x00000000ef800000,0x00000000ef800000,0x00000000f0400000)
  to   space 14336K, 0% used [0x00000000ee800000,0x00000000ee800000,0x00000000ef600000)
 ParOldGen       total 71168K, used 14598K [0x00000000a0000000, 0x00000000a4580000, 0x00000000e0000000)
  object space 71168K, 20% used [0x00000000a0000000,0x00000000a0e41b60,0x00000000a4580000)
 Metaspace       used 48393K, capacity 50278K, committed 50472K, reserved 1093632K
  class space    used 6497K, capacity 6910K, committed 6960K, reserved 1048576K
Event: 10.514 GC heap after
Heap after GC invocations=11 (full 2):
 PSYoungGen      total 251904K, used 14329K [0x00000000e0000000, 0x00000000f0400000, 0x0000000100000000)
  eden space 237568K, 0% used [0x00000000e0000000,0x00000000e0000000,0x00000000ee800000)
  from space 14336K, 99% used [0x00000000ee800000,0x00000000ef5fe498,0x00000000ef600000)
  to   space 12288K, 0% used [0x00000000ef800000,0x00000000ef800000,0x00000000f0400000)
 ParOldGen       total 71168K, used 21644K [0x00000000a0000000, 0x00000000a4580000, 0x00000000e0000000)
  object space 71168K, 30% used [0x00000000a0000000,0x00000000a1523390,0x00000000a4580000)
 Metaspace       used 48393K, capacity 50278K, committed 50472K, reserved 1093632K
  class space    used 6497K, capacity 6910K, committed 6960K, reserved 1048576K
}
Event: 12.857 GC heap before
{Heap before GC invocations=12 (full 2):
 PSYoungGen      total 251904K, used 119122K [0x00000000e0000000, 0x00000000f0400000, 0x0000000100000000)
  eden space 237568K, 44% used [0x00000000e0000000,0x00000000e6656430,0x00000000ee800000)
  from space 14336K, 99% used [0x00000000ee800000,0x00000000ef5fe498,0x00000000ef600000)
  to   space 12288K, 0% used [0x00000000ef800000,0x00000000ef800000,0x00000000f0400000)
 ParOldGen       total 71168K, used 21644K [0x00000000a0000000, 0x00000000a4580000, 0x00000000e0000000)
  object space 71168K, 30% used [0x00000000a0000000,0x00000000a1523390,0x00000000a4580000)
 Metaspace       used 56613K, capacity 58956K, committed 59160K, reserved 1099776K
  class space    used 7745K, capacity 8225K, committed 8240K, reserved 1048576K
Event: 12.881 GC heap after
Heap after GC invocations=12 (full 2):
 PSYoungGen      total 249856K, used 12276K [0x00000000e0000000, 0x00000000f0400000, 0x0000000100000000)
  eden space 237568K, 0% used [0x00000000e0000000,0x00000000e0000000,0x00000000ee800000)
  from space 12288K, 99% used [0x00000000ef800000,0x00000000f03fd320,0x00000000f0400000)
  to   space 14336K, 0% used [0x00000000ee800000,0x00000000ee800000,0x00000000ef600000)
 ParOldGen       total 71168K, used 30844K [0x00000000a0000000, 0x00000000a4580000, 0x00000000e0000000)
  object space 71168K, 43% used [0x00000000a0000000,0x00000000a1e1f080,0x00000000a4580000)
 Metaspace       used 56613K, capacity 58956K, committed 59160K, reserved 1099776K
  class space    used 7745K, capacity 8225K, committed 8240K, reserved 1048576K
}
Event: 12.881 GC heap before
{Heap before GC invocations=13 (full 3):
 PSYoungGen      total 249856K, used 12276K [0x00000000e0000000, 0x00000000f0400000, 0x0000000100000000)
  eden space 237568K, 0% used [0x00000000e0000000,0x00000000e0000000,0x00000000ee800000)
  from space 12288K, 99% used [0x00000000ef800000,0x00000000f03fd320,0x00000000f0400000)
  to   space 14336K, 0% used [0x00000000ee800000,0x00000000ee800000,0x00000000ef600000)
 ParOldGen       total 71168K, used 30844K [0x00000000a0000000, 0x00000000a4580000, 0x00000000e0000000)
  object space 71168K, 43% used [0x00000000a0000000,0x00000000a1e1f080,0x00000000a4580000)
 Metaspace       used 56613K, capacity 58956K, committed 59160K, reserved 1099776K
  class space    used 7745K, capacity 8225K, committed 8240K, reserved 1048576K
Event: 13.077 GC heap after
Heap after GC invocations=13 (full 3):
 PSYoungGen      total 249856K, used 0K [0x00000000e0000000, 0x00000000f0400000, 0x0000000100000000)
  eden space 237568K, 0% used [0x00000000e0000000,0x00000000e0000000,0x00000000ee800000)
  from space 12288K, 0% used [0x00000000ef800000,0x00000000ef800000,0x00000000f0400000)
  to   space 14336K, 0% used [0x00000000ee800000,0x00000000ee800000,0x00000000ef600000)
 ParOldGen       total 71168K, used 33446K [0x00000000a0000000, 0x00000000a4580000, 0x00000000e0000000)
  object space 71168K, 46% used [0x00000000a0000000,0x00000000a20a9a78,0x00000000a4580000)
 Metaspace       used 56595K, capacity 58896K, committed 59160K, reserved 1099776K
  class space    used 7739K, capacity 8215K, committed 8240K, reserved 1048576K
}

