# JRE version: OpenJDK Runtime Environment (8.0_212-b04) (build 1.8.0_212-release-1586-b04)
# Java VM: OpenJDK 64-Bit Server VM (25.212-b04 mixed mode windows-amd64 compressed oops)
Heap:
 PSYoungGen      total 116224K, used 9341K [0x00000000e0000000, 0x00000000e7d80000, 0x0000000100000000)
  eden space 104448K, 0% used [0x00000000e0000000,0x00000000e0000000,0x00000000e6600000)
  from space 11776K, 79% used [0x00000000e7180000,0x00000000e7a9f538,0x00000000e7d00000)
  to   space 11776K, 0% used [0x00000000e6600000,0x00000000e6600000,0x00000000e7180000)
 ParOldGen       total 60416K, used 17144K [0x00000000a0000000, 0x00000000a3b00000, 0x00000000e0000000)
  object space 60416K, 28% used [0x00000000a0000000,0x00000000a10be0b8,0x00000000a3b00000)
 Metaspace       used 42882K, capacity 43906K, committed 44032K, reserved 1091584K
  class space    used 5801K, capacity 6099K, committed 6144K, reserved 1048576K
GC Heap History (10 events):
Event: 3.639 GC heap after
Heap after GC invocations=7 (full 1):
 PSYoungGen      total 76800K, used 0K [0x00000000e0000000, 0x00000000e5700000, 0x0000000100000000)
  eden space 66048K, 0% used [0x00000000e0000000,0x00000000e0000000,0x00000000e4080000)
  from space 10752K, 0% used [0x00000000e4b80000,0x00000000e4b80000,0x00000000e5600000)
  to   space 11264K, 0% used [0x00000000e4080000,0x00000000e4080000,0x00000000e4b80000)
 ParOldGen       total 60416K, used 9538K [0x00000000a0000000, 0x00000000a3b00000, 0x00000000e0000000)
  object space 60416K, 15% used [0x00000000a0000000,0x00000000a0950a50,0x00000000a3b00000)
 Metaspace       used 20716K, capacity 21194K, committed 21296K, reserved 1067008K
  class space    used 2998K, capacity 3161K, committed 3200K, reserved 1048576K
}
Event: 4.465 GC heap before
{Heap before GC invocations=8 (full 1):
 PSYoungGen      total 76800K, used 66048K [0x00000000e0000000, 0x00000000e5700000, 0x0000000100000000)
  eden space 66048K, 100% used [0x00000000e0000000,0x00000000e4080000,0x00000000e4080000)
  from space 10752K, 0% used [0x00000000e4b80000,0x00000000e4b80000,0x00000000e5600000)
  to   space 11264K, 0% used [0x00000000e4080000,0x00000000e4080000,0x00000000e4b80000)
 ParOldGen       total 60416K, used 9538K [0x00000000a0000000, 0x00000000a3b00000, 0x00000000e0000000)
  object space 60416K, 15% used [0x00000000a0000000,0x00000000a0950a50,0x00000000a3b00000)
 Metaspace       used 29108K, capacity 29702K, committed 30080K, reserved 1075200K
  class space    used 3930K, capacity 4133K, committed 4224K, reserved 1048576K
Event: 4.474 GC heap after
Heap after GC invocations=8 (full 1):
 PSYoungGen      total 77312K, used 8100K [0x00000000e0000000, 0x00000000e7d00000, 0x0000000100000000)
  eden space 66048K, 0% used [0x00000000e0000000,0x00000000e0000000,0x00000000e4080000)
  from space 11264K, 71% used [0x00000000e4080000,0x00000000e4869300,0x00000000e4b80000)
  to   space 11776K, 0% used [0x00000000e7180000,0x00000000e7180000,0x00000000e7d00000)
 ParOldGen       total 60416K, used 9546K [0x00000000a0000000, 0x00000000a3b00000, 0x00000000e0000000)
  object space 60416K, 15% used [0x00000000a0000000,0x00000000a0952a50,0x00000000a3b00000)
 Metaspace       used 29108K, capacity 29702K, committed 30080K, reserved 1075200K
  class space    used 3930K, capacity 4133K, committed 4224K, reserved 1048576K
}
Event: 5.375 GC heap before
{Heap before GC invocations=9 (full 1):
 PSYoungGen      total 77312K, used 74148K [0x00000000e0000000, 0x00000000e7d00000, 0x0000000100000000)
  eden space 66048K, 100% used [0x00000000e0000000,0x00000000e4080000,0x00000000e4080000)
  from space 11264K, 71% used [0x00000000e4080000,0x00000000e4869300,0x00000000e4b80000)
  to   space 11776K, 0% used [0x00000000e7180000,0x00000000e7180000,0x00000000e7d00000)
 ParOldGen       total 60416K, used 9546K [0x00000000a0000000, 0x00000000a3b00000, 0x00000000e0000000)
  object space 60416K, 15% used [0x00000000a0000000,0x00000000a0952a50,0x00000000a3b00000)
 Metaspace       used 32052K, capacity 32612K, committed 32768K, reserved 1077248K
  class space    used 4399K, capacity 4591K, committed 4608K, reserved 1048576K
Event: 5.391 GC heap after
Heap after GC invocations=9 (full 1):
 PSYoungGen      total 116224K, used 8304K [0x00000000e0000000, 0x00000000e7d80000, 0x0000000100000000)
  eden space 104448K, 0% used [0x00000000e0000000,0x00000000e0000000,0x00000000e6600000)
  from space 11776K, 70% used [0x00000000e7180000,0x00000000e799c168,0x00000000e7d00000)
  to   space 11776K, 0% used [0x00000000e6600000,0x00000000e6600000,0x00000000e7180000)
 ParOldGen       total 60416K, used 9554K [0x00000000a0000000, 0x00000000a3b00000, 0x00000000e0000000)
  object space 60416K, 15% used [0x00000000a0000000,0x00000000a0954a50,0x00000000a3b00000)
 Metaspace       used 32052K, capacity 32612K, committed 32768K, reserved 1077248K
  class space    used 4399K, capacity 4591K, committed 4608K, reserved 1048576K
}
Event: 6.388 GC heap before
{Heap before GC invocations=10 (full 1):
 PSYoungGen      total 116224K, used 71030K [0x00000000e0000000, 0x00000000e7d80000, 0x0000000100000000)
  eden space 104448K, 60% used [0x00000000e0000000,0x00000000e3d41a20,0x00000000e6600000)
  from space 11776K, 70% used [0x00000000e7180000,0x00000000e799c168,0x00000000e7d00000)
  to   space 11776K, 0% used [0x00000000e6600000,0x00000000e6600000,0x00000000e7180000)
 ParOldGen       total 60416K, used 9554K [0x00000000a0000000, 0x00000000a3b00000, 0x00000000e0000000)
  object space 60416K, 15% used [0x00000000a0000000,0x00000000a0954a50,0x00000000a3b00000)
 Metaspace       used 34614K, capacity 35372K, committed 35456K, reserved 1079296K
  class space    used 4752K, capacity 4961K, committed 4992K, reserved 1048576K
Event: 6.405 GC heap after
Heap after GC invocations=10 (full 1):
 PSYoungGen      total 116224K, used 10202K [0x00000000e0000000, 0x00000000e7d80000, 0x0000000100000000)
  eden space 104448K, 0% used [0x00000000e0000000,0x00000000e0000000,0x00000000e6600000)
  from space 11776K, 86% used [0x00000000e6600000,0x00000000e6ff6bc0,0x00000000e7180000)
  to   space 11776K, 0% used [0x00000000e7180000,0x00000000e7180000,0x00000000e7d00000)
 ParOldGen       total 60416K, used 9562K [0x00000000a0000000, 0x00000000a3b00000, 0x00000000e0000000)
  object space 60416K, 15% used [0x00000000a0000000,0x00000000a0956a50,0x00000000a3b00000)
 Metaspace       used 34614K, capacity 35372K, committed 35456K, reserved 1079296K
  class space    used 4752K, capacity 4961K, committed 4992K, reserved 1048576K
}
Event: 6.405 GC heap before
{Heap before GC invocations=11 (full 2):
 PSYoungGen      total 116224K, used 10202K [0x00000000e0000000, 0x00000000e7d80000, 0x0000000100000000)
  eden space 104448K, 0% used [0x00000000e0000000,0x00000000e0000000,0x00000000e6600000)
  from space 11776K, 86% used [0x00000000e6600000,0x00000000e6ff6bc0,0x00000000e7180000)
  to   space 11776K, 0% used [0x00000000e7180000,0x00000000e7180000,0x00000000e7d00000)
 ParOldGen       total 60416K, used 9562K [0x00000000a0000000, 0x00000000a3b00000, 0x00000000e0000000)
  object space 60416K, 15% used [0x00000000a0000000,0x00000000a0956a50,0x00000000a3b00000)
 Metaspace       used 34614K, capacity 35372K, committed 35456K, reserved 1079296K
  class space    used 4752K, capacity 4961K, committed 4992K, reserved 1048576K
Event: 6.486 GC heap after
Heap after GC invocations=11 (full 2):
 PSYoungGen      total 116224K, used 0K [0x00000000e0000000, 0x00000000e7d80000, 0x0000000100000000)
  eden space 104448K, 0% used [0x00000000e0000000,0x00000000e0000000,0x00000000e6600000)
  from space 11776K, 0% used [0x00000000e6600000,0x00000000e6600000,0x00000000e7180000)
  to   space 11776K, 0% used [0x00000000e7180000,0x00000000e7180000,0x00000000e7d00000)
 ParOldGen       total 60416K, used 17136K [0x00000000a0000000, 0x00000000a3b00000, 0x00000000e0000000)
  object space 60416K, 28% used [0x00000000a0000000,0x00000000a10bc0b8,0x00000000a3b00000)
 Metaspace       used 34607K, capacity 35348K, committed 35456K, reserved 1079296K
  class space    used 4750K, capacity 4957K, committed 4992K, reserved 1048576K
}
Event: 9.593 GC heap before
{Heap before GC invocations=12 (full 2):
 PSYoungGen      total 116224K, used 69413K [0x00000000e0000000, 0x00000000e7d80000, 0x0000000100000000)
  eden space 104448K, 66% used [0x00000000e0000000,0x00000000e43c9678,0x00000000e6600000)
  from space 11776K, 0% used [0x00000000e6600000,0x00000000e6600000,0x00000000e7180000)
  to   space 11776K, 0% used [0x00000000e7180000,0x00000000e7180000,0x00000000e7d00000)
 ParOldGen       total 60416K, used 17136K [0x00000000a0000000, 0x00000000a3b00000, 0x00000000e0000000)
  object space 60416K, 28% used [0x00000000a0000000,0x00000000a10bc0b8,0x00000000a3b00000)
 Metaspace       used 42882K, capacity 43906K, committed 44032K, reserved 1091584K
  class space    used 5801K, capacity 6099K, committed 6144K, reserved 1048576K

