# JRE version: OpenJDK Runtime Environment (8.0_242-b01) (build 1.8.0_242-release-1644-b01)
# Java VM: OpenJDK 64-Bit Server VM (25.242-b01 mixed mode windows-amd64 compressed oops)
Heap:
 PSYoungGen      total 260608K, used 86919K [0x00000000e0000000, 0x00000000f2700000, 0x0000000100000000)
  eden space 240640K, 31% used [0x00000000e0000000,0x00000000e4ad6448,0x00000000eeb00000)
  from space 19968K, 51% used [0x00000000efe80000,0x00000000f088b8e0,0x00000000f1200000)
  to   space 19968K, 0% used [0x00000000eeb00000,0x00000000eeb00000,0x00000000efe80000)
 ParOldGen       total 98304K, used 41771K [0x00000000a0000000, 0x00000000a6000000, 0x00000000e0000000)
  object space 98304K, 42% used [0x00000000a0000000,0x00000000a28caea0,0x00000000a6000000)
 Metaspace       used 81067K, capacity 85364K, committed 85528K, reserved 1124352K
  class space    used 10681K, capacity 11509K, committed 11568K, reserved 1048576K
GC Heap History (10 events):
Event: 7.861 GC heap before
{Heap before GC invocations=13 (full 2):
 PSYoungGen      total 187392K, used 186934K [0x00000000e0000000, 0x00000000ece00000, 0x0000000100000000)
  eden space 177664K, 100% used [0x00000000e0000000,0x00000000ead80000,0x00000000ead80000)
  from space 9728K, 95% used [0x00000000ec480000,0x00000000ecd8d848,0x00000000ece00000)
  to   space 13312K, 0% used [0x00000000eb400000,0x00000000eb400000,0x00000000ec100000)
 ParOldGen       total 70144K, used 17554K [0x00000000a0000000, 0x00000000a4480000, 0x00000000e0000000)
  object space 70144K, 25% used [0x00000000a0000000,0x00000000a1124930,0x00000000a4480000)
 Metaspace       used 56194K, capacity 58480K, committed 58664K, reserved 1099776K
  class space    used 7679K, capacity 8179K, committed 8240K, reserved 1048576K
Event: 7.893 GC heap after
Heap after GC invocations=13 (full 2):
 PSYoungGen      total 197632K, used 13291K [0x00000000e0000000, 0x00000000f1200000, 0x0000000100000000)
  eden space 184320K, 0% used [0x00000000e0000000,0x00000000e0000000,0x00000000eb400000)
  from space 13312K, 99% used [0x00000000eb400000,0x00000000ec0fae30,0x00000000ec100000)
  to   space 19968K, 0% used [0x00000000efe80000,0x00000000efe80000,0x00000000f1200000)
 ParOldGen       total 70144K, used 31093K [0x00000000a0000000, 0x00000000a4480000, 0x00000000e0000000)
  object space 70144K, 44% used [0x00000000a0000000,0x00000000a1e5d578,0x00000000a4480000)
 Metaspace       used 56194K, capacity 58480K, committed 58664K, reserved 1099776K
  class space    used 7679K, capacity 8179K, committed 8240K, reserved 1048576K
}
Event: 7.961 GC heap before
{Heap before GC invocations=14 (full 2):
 PSYoungGen      total 197632K, used 20544K [0x00000000e0000000, 0x00000000f1200000, 0x0000000100000000)
  eden space 184320K, 3% used [0x00000000e0000000,0x00000000e0715578,0x00000000eb400000)
  from space 13312K, 99% used [0x00000000eb400000,0x00000000ec0fae30,0x00000000ec100000)
  to   space 19968K, 0% used [0x00000000efe80000,0x00000000efe80000,0x00000000f1200000)
 ParOldGen       total 70144K, used 31093K [0x00000000a0000000, 0x00000000a4480000, 0x00000000e0000000)
  object space 70144K, 44% used [0x00000000a0000000,0x00000000a1e5d578,0x00000000a4480000)
 Metaspace       used 56629K, capacity 58918K, committed 59160K, reserved 1099776K
  class space    used 7740K, capacity 8218K, committed 8240K, reserved 1048576K
Event: 7.976 GC heap after
Heap after GC invocations=14 (full 2):
 PSYoungGen      total 260608K, used 704K [0x00000000e0000000, 0x00000000f2700000, 0x0000000100000000)
  eden space 240640K, 0% used [0x00000000e0000000,0x00000000e0000000,0x00000000eeb00000)
  from space 19968K, 3% used [0x00000000efe80000,0x00000000eff30000,0x00000000f1200000)
  to   space 19968K, 0% used [0x00000000eeb00000,0x00000000eeb00000,0x00000000efe80000)
 ParOldGen       total 70144K, used 42226K [0x00000000a0000000, 0x00000000a4480000, 0x00000000e0000000)
  object space 70144K, 60% used [0x00000000a0000000,0x00000000a293cb58,0x00000000a4480000)
 Metaspace       used 56629K, capacity 58918K, committed 59160K, reserved 1099776K
  class space    used 7740K, capacity 8218K, committed 8240K, reserved 1048576K
}
Event: 7.976 GC heap before
{Heap before GC invocations=15 (full 3):
 PSYoungGen      total 260608K, used 704K [0x00000000e0000000, 0x00000000f2700000, 0x0000000100000000)
  eden space 240640K, 0% used [0x00000000e0000000,0x00000000e0000000,0x00000000eeb00000)
  from space 19968K, 3% used [0x00000000efe80000,0x00000000eff30000,0x00000000f1200000)
  to   space 19968K, 0% used [0x00000000eeb00000,0x00000000eeb00000,0x00000000efe80000)
 ParOldGen       total 70144K, used 42226K [0x00000000a0000000, 0x00000000a4480000, 0x00000000e0000000)
  object space 70144K, 60% used [0x00000000a0000000,0x00000000a293cb58,0x00000000a4480000)
 Metaspace       used 56629K, capacity 58918K, committed 59160K, reserved 1099776K
  class space    used 7740K, capacity 8218K, committed 8240K, reserved 1048576K
Event: 8.181 GC heap after
Heap after GC invocations=15 (full 3):
 PSYoungGen      total 260608K, used 0K [0x00000000e0000000, 0x00000000f2700000, 0x0000000100000000)
  eden space 240640K, 0% used [0x00000000e0000000,0x00000000e0000000,0x00000000eeb00000)
  from space 19968K, 0% used [0x00000000efe80000,0x00000000efe80000,0x00000000f1200000)
  to   space 19968K, 0% used [0x00000000eeb00000,0x00000000eeb00000,0x00000000efe80000)
 ParOldGen       total 98304K, used 28560K [0x00000000a0000000, 0x00000000a6000000, 0x00000000e0000000)
  object space 98304K, 29% used [0x00000000a0000000,0x00000000a1be4298,0x00000000a6000000)
 Metaspace       used 56624K, capacity 58900K, committed 59160K, reserved 1099776K
  class space    used 7738K, capacity 8215K, committed 8240K, reserved 1048576K
}
Event: 42.924 GC heap before
{Heap before GC invocations=16 (full 3):
 PSYoungGen      total 260608K, used 240640K [0x00000000e0000000, 0x00000000f2700000, 0x0000000100000000)
  eden space 240640K, 100% used [0x00000000e0000000,0x00000000eeb00000,0x00000000eeb00000)
  from space 19968K, 0% used [0x00000000efe80000,0x00000000efe80000,0x00000000f1200000)
  to   space 19968K, 0% used [0x00000000eeb00000,0x00000000eeb00000,0x00000000efe80000)
 ParOldGen       total 98304K, used 28560K [0x00000000a0000000, 0x00000000a6000000, 0x00000000e0000000)
  object space 98304K, 29% used [0x00000000a0000000,0x00000000a1be4298,0x00000000a6000000)
 Metaspace       used 69904K, capacity 73072K, committed 73368K, reserved 1112064K
  class space    used 9417K, capacity 10073K, committed 10160K, reserved 1048576K
Event: 42.948 GC heap after
Heap after GC invocations=16 (full 3):
 PSYoungGen      total 260608K, used 19957K [0x00000000e0000000, 0x00000000f2700000, 0x0000000100000000)
  eden space 240640K, 0% used [0x00000000e0000000,0x00000000e0000000,0x00000000eeb00000)
  from space 19968K, 99% used [0x00000000eeb00000,0x00000000efe7d418,0x00000000efe80000)
  to   space 19968K, 0% used [0x00000000efe80000,0x00000000efe80000,0x00000000f1200000)
 ParOldGen       total 98304K, used 30530K [0x00000000a0000000, 0x00000000a6000000, 0x00000000e0000000)
  object space 98304K, 31% used [0x00000000a0000000,0x00000000a1dd08b0,0x00000000a6000000)
 Metaspace       used 69904K, capacity 73072K, committed 73368K, reserved 1112064K
  class space    used 9417K, capacity 10073K, committed 10160K, reserved 1048576K
}
Event: 76.286 GC heap before
{Heap before GC invocations=17 (full 3):
 PSYoungGen      total 260608K, used 260597K [0x00000000e0000000, 0x00000000f2700000, 0x0000000100000000)
  eden space 240640K, 100% used [0x00000000e0000000,0x00000000eeb00000,0x00000000eeb00000)
  from space 19968K, 99% used [0x00000000eeb00000,0x00000000efe7d418,0x00000000efe80000)
  to   space 19968K, 0% used [0x00000000efe80000,0x00000000efe80000,0x00000000f1200000)
 ParOldGen       total 98304K, used 30530K [0x00000000a0000000, 0x00000000a6000000, 0x00000000e0000000)
  object space 98304K, 31% used [0x00000000a0000000,0x00000000a1dd08b0,0x00000000a6000000)
 Metaspace       used 77308K, capacity 81160K, committed 81432K, reserved 1120256K
  class space    used 10253K, capacity 11001K, committed 11056K, reserved 1048576K
Event: 76.305 GC heap after
Heap after GC invocations=17 (full 3):
 PSYoungGen      total 260608K, used 10286K [0x00000000e0000000, 0x00000000f2700000, 0x0000000100000000)
  eden space 240640K, 0% used [0x00000000e0000000,0x00000000e0000000,0x00000000eeb00000)
  from space 19968K, 51% used [0x00000000efe80000,0x00000000f088b8e0,0x00000000f1200000)
  to   space 19968K, 0% used [0x00000000eeb00000,0x00000000eeb00000,0x00000000efe80000)
 ParOldGen       total 98304K, used 41771K [0x00000000a0000000, 0x00000000a6000000, 0x00000000e0000000)
  object space 98304K, 42% used [0x00000000a0000000,0x00000000a28caea0,0x00000000a6000000)
 Metaspace       used 77308K, capacity 81160K, committed 81432K, reserved 1120256K
  class space    used 10253K, capacity 11001K, committed 11056K, reserved 1048576K
}

