# JRE version: OpenJDK Runtime Environment (8.0_242-b01) (build 1.8.0_242-release-1644-b01)
# Java VM: OpenJDK 64-Bit Server VM (25.242-b01 mixed mode windows-amd64 compressed oops)
Heap:
 PSYoungGen      total 187392K, used 176141K [0x00000000e0000000, 0x00000000ece80000, 0x0000000100000000)
  eden space 177152K, 93% used [0x00000000e0000000,0x00000000ea250b88,0x00000000ead00000)
  from space 10240K, 96% used [0x00000000ec480000,0x00000000ece32b00,0x00000000ece80000)
  to   space 13312K, 0% used [0x00000000eb480000,0x00000000eb480000,0x00000000ec180000)
 ParOldGen       total 70656K, used 17307K [0x00000000a0000000, 0x00000000a4500000, 0x00000000e0000000)
  object space 70656K, 24% used [0x00000000a0000000,0x00000000a10e6c30,0x00000000a4500000)
 Metaspace       used 55658K, capacity 57946K, committed 58024K, reserved 1099776K
  class space    used 7575K, capacity 8072K, committed 8112K, reserved 1048576K
GC Heap History (10 events):
Event: 11.541 GC heap before
{Heap before GC invocations=8 (full 1):
 PSYoungGen      total 76800K, used 3664K [0x00000000e0000000, 0x00000000e9600000, 0x0000000100000000)
  eden space 66048K, 0% used [0x00000000e0000000,0x00000000e0000000,0x00000000e4080000)
  from space 10752K, 34% used [0x00000000e4080000,0x00000000e4414040,0x00000000e4b00000)
  to   space 10752K, 0% used [0x00000000e8b80000,0x00000000e8b80000,0x00000000e9600000)
 ParOldGen       total 87552K, used 8912K [0x00000000a0000000, 0x00000000a5580000, 0x00000000e0000000)
  object space 87552K, 10% used [0x00000000a0000000,0x00000000a08b4068,0x00000000a5580000)
 Metaspace       used 20588K, capacity 21224K, committed 21296K, reserved 1067008K
  class space    used 2873K, capacity 3076K, committed 3120K, reserved 1048576K
Event: 11.648 GC heap after
Heap after GC invocations=8 (full 1):
 PSYoungGen      total 76800K, used 0K [0x00000000e0000000, 0x00000000e9600000, 0x0000000100000000)
  eden space 66048K, 0% used [0x00000000e0000000,0x00000000e0000000,0x00000000e4080000)
  from space 10752K, 0% used [0x00000000e4080000,0x00000000e4080000,0x00000000e4b00000)
  to   space 10752K, 0% used [0x00000000e8b80000,0x00000000e8b80000,0x00000000e9600000)
 ParOldGen       total 47616K, used 6698K [0x00000000a0000000, 0x00000000a2e80000, 0x00000000e0000000)
  object space 47616K, 14% used [0x00000000a0000000,0x00000000a068aaa8,0x00000000a2e80000)
 Metaspace       used 20588K, capacity 21224K, committed 21296K, reserved 1067008K
  class space    used 2873K, capacity 3076K, committed 3120K, reserved 1048576K
}
Event: 14.095 GC heap before
{Heap before GC invocations=9 (full 1):
 PSYoungGen      total 76800K, used 66048K [0x00000000e0000000, 0x00000000e9600000, 0x0000000100000000)
  eden space 66048K, 100% used [0x00000000e0000000,0x00000000e4080000,0x00000000e4080000)
  from space 10752K, 0% used [0x00000000e4080000,0x00000000e4080000,0x00000000e4b00000)
  to   space 10752K, 0% used [0x00000000e8b80000,0x00000000e8b80000,0x00000000e9600000)
 ParOldGen       total 47616K, used 6698K [0x00000000a0000000, 0x00000000a2e80000, 0x00000000e0000000)
  object space 47616K, 14% used [0x00000000a0000000,0x00000000a068aaa8,0x00000000a2e80000)
 Metaspace       used 28595K, capacity 29444K, committed 29616K, reserved 1075200K
  class space    used 3956K, capacity 4188K, committed 4272K, reserved 1048576K
Event: 14.118 GC heap after
Heap after GC invocations=9 (full 1):
 PSYoungGen      total 133120K, used 8269K [0x00000000e0000000, 0x00000000e9400000, 0x0000000100000000)
  eden space 124416K, 0% used [0x00000000e0000000,0x00000000e0000000,0x00000000e7980000)
  from space 8704K, 95% used [0x00000000e8b80000,0x00000000e9393698,0x00000000e9400000)
  to   space 11264K, 0% used [0x00000000e7e00000,0x00000000e7e00000,0x00000000e8900000)
 ParOldGen       total 47616K, used 6706K [0x00000000a0000000, 0x00000000a2e80000, 0x00000000e0000000)
  object space 47616K, 14% used [0x00000000a0000000,0x00000000a068caa8,0x00000000a2e80000)
 Metaspace       used 28595K, capacity 29444K, committed 29616K, reserved 1075200K
  class space    used 3956K, capacity 4188K, committed 4272K, reserved 1048576K
}
Event: 17.896 GC heap before
{Heap before GC invocations=10 (full 1):
 PSYoungGen      total 133120K, used 104782K [0x00000000e0000000, 0x00000000e9400000, 0x0000000100000000)
  eden space 124416K, 77% used [0x00000000e0000000,0x00000000e5e40420,0x00000000e7980000)
  from space 8704K, 95% used [0x00000000e8b80000,0x00000000e9393698,0x00000000e9400000)
  to   space 11264K, 0% used [0x00000000e7e00000,0x00000000e7e00000,0x00000000e8900000)
 ParOldGen       total 47616K, used 6706K [0x00000000a0000000, 0x00000000a2e80000, 0x00000000e0000000)
  object space 47616K, 14% used [0x00000000a0000000,0x00000000a068caa8,0x00000000a2e80000)
 Metaspace       used 34275K, capacity 35412K, committed 35496K, reserved 1079296K
  class space    used 4719K, capacity 5001K, committed 5040K, reserved 1048576K
Event: 17.947 GC heap after
Heap after GC invocations=10 (full 1):
 PSYoungGen      total 140288K, used 11018K [0x00000000e0000000, 0x00000000ed100000, 0x0000000100000000)
  eden space 129024K, 0% used [0x00000000e0000000,0x00000000e0000000,0x00000000e7e00000)
  from space 11264K, 97% used [0x00000000e7e00000,0x00000000e88c2ad8,0x00000000e8900000)
  to   space 12800K, 0% used [0x00000000ec480000,0x00000000ec480000,0x00000000ed100000)
 ParOldGen       total 47616K, used 6714K [0x00000000a0000000, 0x00000000a2e80000, 0x00000000e0000000)
  object space 47616K, 14% used [0x00000000a0000000,0x00000000a068eaa8,0x00000000a2e80000)
 Metaspace       used 34275K, capacity 35412K, committed 35496K, reserved 1079296K
  class space    used 4719K, capacity 5001K, committed 5040K, reserved 1048576K
}
Event: 17.947 GC heap before
{Heap before GC invocations=11 (full 2):
 PSYoungGen      total 140288K, used 11018K [0x00000000e0000000, 0x00000000ed100000, 0x0000000100000000)
  eden space 129024K, 0% used [0x00000000e0000000,0x00000000e0000000,0x00000000e7e00000)
  from space 11264K, 97% used [0x00000000e7e00000,0x00000000e88c2ad8,0x00000000e8900000)
  to   space 12800K, 0% used [0x00000000ec480000,0x00000000ec480000,0x00000000ed100000)
 ParOldGen       total 47616K, used 6714K [0x00000000a0000000, 0x00000000a2e80000, 0x00000000e0000000)
  object space 47616K, 14% used [0x00000000a0000000,0x00000000a068eaa8,0x00000000a2e80000)
 Metaspace       used 34275K, capacity 35412K, committed 35496K, reserved 1079296K
  class space    used 4719K, capacity 5001K, committed 5040K, reserved 1048576K
Event: 18.241 GC heap after
Heap after GC invocations=11 (full 2):
 PSYoungGen      total 140288K, used 0K [0x00000000e0000000, 0x00000000ed100000, 0x0000000100000000)
  eden space 129024K, 0% used [0x00000000e0000000,0x00000000e0000000,0x00000000e7e00000)
  from space 11264K, 0% used [0x00000000e7e00000,0x00000000e7e00000,0x00000000e8900000)
  to   space 12800K, 0% used [0x00000000ec480000,0x00000000ec480000,0x00000000ed100000)
 ParOldGen       total 70656K, used 17299K [0x00000000a0000000, 0x00000000a4500000, 0x00000000e0000000)
  object space 70656K, 24% used [0x00000000a0000000,0x00000000a10e4c30,0x00000000a4500000)
 Metaspace       used 34275K, capacity 35412K, committed 35496K, reserved 1079296K
  class space    used 4719K, capacity 5001K, committed 5040K, reserved 1048576K
}
Event: 22.812 GC heap before
{Heap before GC invocations=12 (full 2):
 PSYoungGen      total 140288K, used 129024K [0x00000000e0000000, 0x00000000ed100000, 0x0000000100000000)
  eden space 129024K, 100% used [0x00000000e0000000,0x00000000e7e00000,0x00000000e7e00000)
  from space 11264K, 0% used [0x00000000e7e00000,0x00000000e7e00000,0x00000000e8900000)
  to   space 12800K, 0% used [0x00000000ec480000,0x00000000ec480000,0x00000000ed100000)
 ParOldGen       total 70656K, used 17299K [0x00000000a0000000, 0x00000000a4500000, 0x00000000e0000000)
  object space 70656K, 24% used [0x00000000a0000000,0x00000000a10e4c30,0x00000000a4500000)
 Metaspace       used 40425K, capacity 42194K, committed 42408K, reserved 1085440K
  class space    used 5559K, capacity 5958K, committed 6064K, reserved 1048576K
Event: 22.850 GC heap after
Heap after GC invocations=12 (full 2):
 PSYoungGen      total 187392K, used 9930K [0x00000000e0000000, 0x00000000ece80000, 0x0000000100000000)
  eden space 177152K, 0% used [0x00000000e0000000,0x00000000e0000000,0x00000000ead00000)
  from space 10240K, 96% used [0x00000000ec480000,0x00000000ece32b00,0x00000000ece80000)
  to   space 13312K, 0% used [0x00000000eb480000,0x00000000eb480000,0x00000000ec180000)
 ParOldGen       total 70656K, used 17307K [0x00000000a0000000, 0x00000000a4500000, 0x00000000e0000000)
  object space 70656K, 24% used [0x00000000a0000000,0x00000000a10e6c30,0x00000000a4500000)
 Metaspace       used 40425K, capacity 42194K, committed 42408K, reserved 1085440K
  class space    used 5559K, capacity 5958K, committed 6064K, reserved 1048576K
}

