# JRE version: OpenJDK Runtime Environment (8.0_242-b01) (build 1.8.0_242-release-1644-b01)
# Java VM: OpenJDK 64-Bit Server VM (25.242-b01 mixed mode windows-amd64 compressed oops)
Heap:
 PSYoungGen      total 252416K, used 183263K [0x00000000e0000000, 0x00000000f1600000, 0x0000000100000000)
  eden space 232448K, 70% used [0x00000000e0000000,0x00000000e9f7d338,0x00000000ee300000)
  from space 19968K, 99% used [0x00000000ee300000,0x00000000ef67aa28,0x00000000ef680000)
  to   space 19968K, 0% used [0x00000000ef680000,0x00000000ef680000,0x00000000f0a00000)
 ParOldGen       total 103424K, used 30812K [0x00000000a0000000, 0x00000000a6500000, 0x00000000e0000000)
  object space 103424K, 29% used [0x00000000a0000000,0x00000000a1e170a0,0x00000000a6500000)
 Metaspace       used 72148K, capacity 75352K, committed 75544K, reserved 1114112K
  class space    used 9565K, capacity 10205K, committed 10280K, reserved 1048576K
GC Heap History (10 events):
Event: 6.165 GC heap before
{Heap before GC invocations=12 (full 2):
 PSYoungGen      total 139776K, used 128512K [0x00000000e0000000, 0x00000000ecc00000, 0x0000000100000000)
  eden space 128512K, 100% used [0x00000000e0000000,0x00000000e7d80000,0x00000000e7d80000)
  from space 11264K, 0% used [0x00000000e7d80000,0x00000000e7d80000,0x00000000e8880000)
  to   space 12800K, 0% used [0x00000000ebf80000,0x00000000ebf80000,0x00000000ecc00000)
 ParOldGen       total 72192K, used 17610K [0x00000000a0000000, 0x00000000a4680000, 0x00000000e0000000)
  object space 72192K, 24% used [0x00000000a0000000,0x00000000a1132a18,0x00000000a4680000)
 Metaspace       used 39883K, capacity 41650K, committed 41768K, reserved 1085440K
  class space    used 5488K, capacity 5858K, committed 5928K, reserved 1048576K
Event: 6.181 GC heap after
Heap after GC invocations=12 (full 2):
 PSYoungGen      total 184320K, used 9331K [0x00000000e0000000, 0x00000000ec900000, 0x0000000100000000)
  eden space 174592K, 0% used [0x00000000e0000000,0x00000000e0000000,0x00000000eaa80000)
  from space 9728K, 95% used [0x00000000ebf80000,0x00000000ec89cf58,0x00000000ec900000)
  to   space 13312K, 0% used [0x00000000eaf00000,0x00000000eaf00000,0x00000000ebc00000)
 ParOldGen       total 72192K, used 17618K [0x00000000a0000000, 0x00000000a4680000, 0x00000000e0000000)
  object space 72192K, 24% used [0x00000000a0000000,0x00000000a1134a18,0x00000000a4680000)
 Metaspace       used 39883K, capacity 41650K, committed 41768K, reserved 1085440K
  class space    used 5488K, capacity 5858K, committed 5928K, reserved 1048576K
}
Event: 8.935 GC heap before
{Heap before GC invocations=13 (full 2):
 PSYoungGen      total 184320K, used 183923K [0x00000000e0000000, 0x00000000ec900000, 0x0000000100000000)
  eden space 174592K, 100% used [0x00000000e0000000,0x00000000eaa80000,0x00000000eaa80000)
  from space 9728K, 95% used [0x00000000ebf80000,0x00000000ec89cf58,0x00000000ec900000)
  to   space 13312K, 0% used [0x00000000eaf00000,0x00000000eaf00000,0x00000000ebc00000)
 ParOldGen       total 72192K, used 17618K [0x00000000a0000000, 0x00000000a4680000, 0x00000000e0000000)
  object space 72192K, 24% used [0x00000000a0000000,0x00000000a1134a18,0x00000000a4680000)
 Metaspace       used 55918K, capacity 58224K, committed 58408K, reserved 1099776K
  class space    used 7617K, capacity 8141K, committed 8232K, reserved 1048576K
Event: 8.980 GC heap after
Heap after GC invocations=13 (full 2):
 PSYoungGen      total 192512K, used 13310K [0x00000000e0000000, 0x00000000f0a00000, 0x0000000100000000)
  eden space 179200K, 0% used [0x00000000e0000000,0x00000000e0000000,0x00000000eaf00000)
  from space 13312K, 99% used [0x00000000eaf00000,0x00000000ebbff9f0,0x00000000ebc00000)
  to   space 19968K, 0% used [0x00000000ef680000,0x00000000ef680000,0x00000000f0a00000)
 ParOldGen       total 72192K, used 30493K [0x00000000a0000000, 0x00000000a4680000, 0x00000000e0000000)
  object space 72192K, 42% used [0x00000000a0000000,0x00000000a1dc7718,0x00000000a4680000)
 Metaspace       used 55918K, capacity 58224K, committed 58408K, reserved 1099776K
  class space    used 7617K, capacity 8141K, committed 8232K, reserved 1048576K
}
Event: 9.157 GC heap before
{Heap before GC invocations=14 (full 2):
 PSYoungGen      total 192512K, used 26766K [0x00000000e0000000, 0x00000000f0a00000, 0x0000000100000000)
  eden space 179200K, 7% used [0x00000000e0000000,0x00000000e0d24030,0x00000000eaf00000)
  from space 13312K, 99% used [0x00000000eaf00000,0x00000000ebbff9f0,0x00000000ebc00000)
  to   space 19968K, 0% used [0x00000000ef680000,0x00000000ef680000,0x00000000f0a00000)
 ParOldGen       total 72192K, used 30493K [0x00000000a0000000, 0x00000000a4680000, 0x00000000e0000000)
  object space 72192K, 42% used [0x00000000a0000000,0x00000000a1dc7718,0x00000000a4680000)
 Metaspace       used 56678K, capacity 58976K, committed 59160K, reserved 1099776K
  class space    used 7732K, capacity 8215K, committed 8232K, reserved 1048576K
Event: 9.175 GC heap after
Heap after GC invocations=14 (full 2):
 PSYoungGen      total 252416K, used 1184K [0x00000000e0000000, 0x00000000f1600000, 0x0000000100000000)
  eden space 232448K, 0% used [0x00000000e0000000,0x00000000e0000000,0x00000000ee300000)
  from space 19968K, 5% used [0x00000000ef680000,0x00000000ef7a8000,0x00000000f0a00000)
  to   space 19968K, 0% used [0x00000000ee300000,0x00000000ee300000,0x00000000ef680000)
 ParOldGen       total 72192K, used 41473K [0x00000000a0000000, 0x00000000a4680000, 0x00000000e0000000)
  object space 72192K, 57% used [0x00000000a0000000,0x00000000a2880750,0x00000000a4680000)
 Metaspace       used 56678K, capacity 58976K, committed 59160K, reserved 1099776K
  class space    used 7732K, capacity 8215K, committed 8232K, reserved 1048576K
}
Event: 9.176 GC heap before
{Heap before GC invocations=15 (full 3):
 PSYoungGen      total 252416K, used 1184K [0x00000000e0000000, 0x00000000f1600000, 0x0000000100000000)
  eden space 232448K, 0% used [0x00000000e0000000,0x00000000e0000000,0x00000000ee300000)
  from space 19968K, 5% used [0x00000000ef680000,0x00000000ef7a8000,0x00000000f0a00000)
  to   space 19968K, 0% used [0x00000000ee300000,0x00000000ee300000,0x00000000ef680000)
 ParOldGen       total 72192K, used 41473K [0x00000000a0000000, 0x00000000a4680000, 0x00000000e0000000)
  object space 72192K, 57% used [0x00000000a0000000,0x00000000a2880750,0x00000000a4680000)
 Metaspace       used 56678K, capacity 58976K, committed 59160K, reserved 1099776K
  class space    used 7732K, capacity 8215K, committed 8232K, reserved 1048576K
Event: 9.426 GC heap after
Heap after GC invocations=15 (full 3):
 PSYoungGen      total 252416K, used 0K [0x00000000e0000000, 0x00000000f1600000, 0x0000000100000000)
  eden space 232448K, 0% used [0x00000000e0000000,0x00000000e0000000,0x00000000ee300000)
  from space 19968K, 0% used [0x00000000ef680000,0x00000000ef680000,0x00000000f0a00000)
  to   space 19968K, 0% used [0x00000000ee300000,0x00000000ee300000,0x00000000ef680000)
 ParOldGen       total 103424K, used 28809K [0x00000000a0000000, 0x00000000a6500000, 0x00000000e0000000)
  object space 103424K, 27% used [0x00000000a0000000,0x00000000a1c225a0,0x00000000a6500000)
 Metaspace       used 56678K, capacity 58976K, committed 59160K, reserved 1099776K
  class space    used 7732K, capacity 8215K, committed 8232K, reserved 1048576K
}
Event: 33.314 GC heap before
{Heap before GC invocations=16 (full 3):
 PSYoungGen      total 252416K, used 232448K [0x00000000e0000000, 0x00000000f1600000, 0x0000000100000000)
  eden space 232448K, 100% used [0x00000000e0000000,0x00000000ee300000,0x00000000ee300000)
  from space 19968K, 0% used [0x00000000ef680000,0x00000000ef680000,0x00000000f0a00000)
  to   space 19968K, 0% used [0x00000000ee300000,0x00000000ee300000,0x00000000ef680000)
 ParOldGen       total 103424K, used 28809K [0x00000000a0000000, 0x00000000a6500000, 0x00000000e0000000)
  object space 103424K, 27% used [0x00000000a0000000,0x00000000a1c225a0,0x00000000a6500000)
 Metaspace       used 69886K, capacity 73010K, committed 73368K, reserved 1112064K
  class space    used 9407K, capacity 10034K, committed 10152K, reserved 1048576K
Event: 33.338 GC heap after
Heap after GC invocations=16 (full 3):
 PSYoungGen      total 252416K, used 19946K [0x00000000e0000000, 0x00000000f1600000, 0x0000000100000000)
  eden space 232448K, 0% used [0x00000000e0000000,0x00000000e0000000,0x00000000ee300000)
  from space 19968K, 99% used [0x00000000ee300000,0x00000000ef67aa28,0x00000000ef680000)
  to   space 19968K, 0% used [0x00000000ef680000,0x00000000ef680000,0x00000000f0a00000)
 ParOldGen       total 103424K, used 30812K [0x00000000a0000000, 0x00000000a6500000, 0x00000000e0000000)
  object space 103424K, 29% used [0x00000000a0000000,0x00000000a1e170a0,0x00000000a6500000)
 Metaspace       used 69886K, capacity 73010K, committed 73368K, reserved 1112064K
  class space    used 9407K, capacity 10034K, committed 10152K, reserved 1048576K
}

