# JRE version: OpenJDK Runtime Environment (8.0_212-b04) (build 1.8.0_212-release-1586-b04)
# Java VM: OpenJDK 64-Bit Server VM (25.212-b04 mixed mode windows-amd64 compressed oops)
Heap:
 PSYoungGen      total 114176K, used 6197K [0x00000000e0000000, 0x00000000e7e00000, 0x0000000100000000)
  eden space 102400K, 6% used [0x00000000e0000000,0x00000000e060d7d0,0x00000000e6400000)
  from space 11776K, 0% used [0x00000000e6400000,0x00000000e6400000,0x00000000e6f80000)
  to   space 11264K, 0% used [0x00000000e6f80000,0x00000000e6f80000,0x00000000e7a80000)
 ParOldGen       total 92672K, used 17151K [0x00000000a0000000, 0x00000000a5a80000, 0x00000000e0000000)
  object space 92672K, 18% used [0x00000000a0000000,0x00000000a10bfc80,0x00000000a5a80000)
 Metaspace       used 34880K, capacity 35686K, committed 35880K, reserved 1079296K
  class space    used 4807K, capacity 5040K, committed 5160K, reserved 1048576K
GC Heap History (10 events):
Event: 3.123 GC heap before
{Heap before GC invocations=7 (full 1):
 PSYoungGen      total 76800K, used 8808K [0x00000000e0000000, 0x00000000e5700000, 0x0000000100000000)
  eden space 66048K, 0% used [0x00000000e0000000,0x00000000e0000000,0x00000000e4080000)
  from space 10752K, 81% used [0x00000000e4b80000,0x00000000e541a2a0,0x00000000e5600000)
  to   space 11264K, 0% used [0x00000000e4080000,0x00000000e4080000,0x00000000e4b80000)
 ParOldGen       total 87552K, used 7545K [0x00000000a0000000, 0x00000000a5580000, 0x00000000e0000000)
  object space 87552K, 8% used [0x00000000a0000000,0x00000000a075e7d0,0x00000000a5580000)
 Metaspace       used 20714K, capacity 21186K, committed 21296K, reserved 1067008K
  class space    used 2999K, capacity 3161K, committed 3200K, reserved 1048576K
Event: 3.164 GC heap after
Heap after GC invocations=7 (full 1):
 PSYoungGen      total 76800K, used 0K [0x00000000e0000000, 0x00000000e5700000, 0x0000000100000000)
  eden space 66048K, 0% used [0x00000000e0000000,0x00000000e0000000,0x00000000e4080000)
  from space 10752K, 0% used [0x00000000e4b80000,0x00000000e4b80000,0x00000000e5600000)
  to   space 11264K, 0% used [0x00000000e4080000,0x00000000e4080000,0x00000000e4b80000)
 ParOldGen       total 61440K, used 9554K [0x00000000a0000000, 0x00000000a3c00000, 0x00000000e0000000)
  object space 61440K, 15% used [0x00000000a0000000,0x00000000a0954880,0x00000000a3c00000)
 Metaspace       used 20714K, capacity 21186K, committed 21296K, reserved 1067008K
  class space    used 2999K, capacity 3161K, committed 3200K, reserved 1048576K
}
Event: 4.507 GC heap before
{Heap before GC invocations=8 (full 1):
 PSYoungGen      total 76800K, used 66048K [0x00000000e0000000, 0x00000000e5700000, 0x0000000100000000)
  eden space 66048K, 100% used [0x00000000e0000000,0x00000000e4080000,0x00000000e4080000)
  from space 10752K, 0% used [0x00000000e4b80000,0x00000000e4b80000,0x00000000e5600000)
  to   space 11264K, 0% used [0x00000000e4080000,0x00000000e4080000,0x00000000e4b80000)
 ParOldGen       total 61440K, used 9554K [0x00000000a0000000, 0x00000000a3c00000, 0x00000000e0000000)
  object space 61440K, 15% used [0x00000000a0000000,0x00000000a0954880,0x00000000a3c00000)
 Metaspace       used 29155K, capacity 29700K, committed 30080K, reserved 1075200K
  class space    used 3932K, capacity 4135K, committed 4224K, reserved 1048576K
Event: 4.523 GC heap after
Heap after GC invocations=8 (full 1):
 PSYoungGen      total 77312K, used 8115K [0x00000000e0000000, 0x00000000e7a80000, 0x0000000100000000)
  eden space 66048K, 0% used [0x00000000e0000000,0x00000000e0000000,0x00000000e4080000)
  from space 11264K, 72% used [0x00000000e4080000,0x00000000e486cf08,0x00000000e4b80000)
  to   space 11264K, 0% used [0x00000000e6f80000,0x00000000e6f80000,0x00000000e7a80000)
 ParOldGen       total 61440K, used 9562K [0x00000000a0000000, 0x00000000a3c00000, 0x00000000e0000000)
  object space 61440K, 15% used [0x00000000a0000000,0x00000000a0956880,0x00000000a3c00000)
 Metaspace       used 29155K, capacity 29700K, committed 30080K, reserved 1075200K
  class space    used 3932K, capacity 4135K, committed 4224K, reserved 1048576K
}
Event: 5.125 GC heap before
{Heap before GC invocations=9 (full 1):
 PSYoungGen      total 77312K, used 74163K [0x00000000e0000000, 0x00000000e7a80000, 0x0000000100000000)
  eden space 66048K, 100% used [0x00000000e0000000,0x00000000e4080000,0x00000000e4080000)
  from space 11264K, 72% used [0x00000000e4080000,0x00000000e486cf08,0x00000000e4b80000)
  to   space 11264K, 0% used [0x00000000e6f80000,0x00000000e6f80000,0x00000000e7a80000)
 ParOldGen       total 61440K, used 9562K [0x00000000a0000000, 0x00000000a3c00000, 0x00000000e0000000)
  object space 61440K, 15% used [0x00000000a0000000,0x00000000a0956880,0x00000000a3c00000)
 Metaspace       used 32061K, capacity 32604K, committed 32768K, reserved 1077248K
  class space    used 4398K, capacity 4591K, committed 4608K, reserved 1048576K
Event: 5.143 GC heap after
Heap after GC invocations=9 (full 1):
 PSYoungGen      total 113664K, used 8268K [0x00000000e0000000, 0x00000000e7e00000, 0x0000000100000000)
  eden space 102400K, 0% used [0x00000000e0000000,0x00000000e0000000,0x00000000e6400000)
  from space 11264K, 73% used [0x00000000e6f80000,0x00000000e7793368,0x00000000e7a80000)
  to   space 11776K, 0% used [0x00000000e6400000,0x00000000e6400000,0x00000000e6f80000)
 ParOldGen       total 61440K, used 9570K [0x00000000a0000000, 0x00000000a3c00000, 0x00000000e0000000)
  object space 61440K, 15% used [0x00000000a0000000,0x00000000a0958880,0x00000000a3c00000)
 Metaspace       used 32061K, capacity 32604K, committed 32768K, reserved 1077248K
  class space    used 4398K, capacity 4591K, committed 4608K, reserved 1048576K
}
Event: 6.058 GC heap before
{Heap before GC invocations=10 (full 1):
 PSYoungGen      total 113664K, used 72915K [0x00000000e0000000, 0x00000000e7e00000, 0x0000000100000000)
  eden space 102400K, 63% used [0x00000000e0000000,0x00000000e3f21a20,0x00000000e6400000)
  from space 11264K, 73% used [0x00000000e6f80000,0x00000000e7793368,0x00000000e7a80000)
  to   space 11776K, 0% used [0x00000000e6400000,0x00000000e6400000,0x00000000e6f80000)
 ParOldGen       total 61440K, used 9570K [0x00000000a0000000, 0x00000000a3c00000, 0x00000000e0000000)
  object space 61440K, 15% used [0x00000000a0000000,0x00000000a0958880,0x00000000a3c00000)
 Metaspace       used 34665K, capacity 35404K, committed 35496K, reserved 1079296K
  class space    used 4763K, capacity 4995K, committed 5032K, reserved 1048576K
Event: 6.073 GC heap after
Heap after GC invocations=10 (full 1):
 PSYoungGen      total 114176K, used 10312K [0x00000000e0000000, 0x00000000e7e00000, 0x0000000100000000)
  eden space 102400K, 0% used [0x00000000e0000000,0x00000000e0000000,0x00000000e6400000)
  from space 11776K, 87% used [0x00000000e6400000,0x00000000e6e12048,0x00000000e6f80000)
  to   space 11264K, 0% used [0x00000000e6f80000,0x00000000e6f80000,0x00000000e7a80000)
 ParOldGen       total 61440K, used 9578K [0x00000000a0000000, 0x00000000a3c00000, 0x00000000e0000000)
  object space 61440K, 15% used [0x00000000a0000000,0x00000000a095a880,0x00000000a3c00000)
 Metaspace       used 34665K, capacity 35404K, committed 35496K, reserved 1079296K
  class space    used 4763K, capacity 4995K, committed 5032K, reserved 1048576K
}
Event: 6.073 GC heap before
{Heap before GC invocations=11 (full 2):
 PSYoungGen      total 114176K, used 10312K [0x00000000e0000000, 0x00000000e7e00000, 0x0000000100000000)
  eden space 102400K, 0% used [0x00000000e0000000,0x00000000e0000000,0x00000000e6400000)
  from space 11776K, 87% used [0x00000000e6400000,0x00000000e6e12048,0x00000000e6f80000)
  to   space 11264K, 0% used [0x00000000e6f80000,0x00000000e6f80000,0x00000000e7a80000)
 ParOldGen       total 61440K, used 9578K [0x00000000a0000000, 0x00000000a3c00000, 0x00000000e0000000)
  object space 61440K, 15% used [0x00000000a0000000,0x00000000a095a880,0x00000000a3c00000)
 Metaspace       used 34665K, capacity 35404K, committed 35496K, reserved 1079296K
  class space    used 4763K, capacity 4995K, committed 5032K, reserved 1048576K
Event: 6.147 GC heap after
Heap after GC invocations=11 (full 2):
 PSYoungGen      total 114176K, used 0K [0x00000000e0000000, 0x00000000e7e00000, 0x0000000100000000)
  eden space 102400K, 0% used [0x00000000e0000000,0x00000000e0000000,0x00000000e6400000)
  from space 11776K, 0% used [0x00000000e6400000,0x00000000e6400000,0x00000000e6f80000)
  to   space 11264K, 0% used [0x00000000e6f80000,0x00000000e6f80000,0x00000000e7a80000)
 ParOldGen       total 92672K, used 17151K [0x00000000a0000000, 0x00000000a5a80000, 0x00000000e0000000)
  object space 92672K, 18% used [0x00000000a0000000,0x00000000a10bfc80,0x00000000a5a80000)
 Metaspace       used 34658K, capacity 35380K, committed 35496K, reserved 1079296K
  class space    used 4761K, capacity 4991K, committed 5032K, reserved 1048576K
}

