# JRE version: OpenJDK Runtime Environment (8.0_212-b04) (build 1.8.0_212-release-1586-b04)
# Java VM: OpenJDK 64-Bit Server VM (25.212-b04 mixed mode windows-amd64 compressed oops)
Heap:
 PSYoungGen      total 113664K, used 2123K [0x00000000e0000000, 0x00000000e9a00000, 0x0000000100000000)
  eden space 101888K, 2% used [0x00000000e0000000,0x00000000e0212f98,0x00000000e6380000)
  from space 11776K, 0% used [0x00000000e6380000,0x00000000e6380000,0x00000000e6f00000)
  to   space 12288K, 0% used [0x00000000e8e00000,0x00000000e8e00000,0x00000000e9a00000)
 ParOldGen       total 60928K, used 17202K [0x00000000a0000000, 0x00000000a3b80000, 0x00000000e0000000)
  object space 60928K, 28% used [0x00000000a0000000,0x00000000a10ccb40,0x00000000a3b80000)
 Metaspace       used 34746K, capacity 35524K, committed 35752K, reserved 1079296K
  class space    used 4788K, capacity 5031K, committed 5032K, reserved 1048576K
GC Heap History (10 events):
Event: 3.258 GC heap before
{Heap before GC invocations=7 (full 1):
 PSYoungGen      total 76800K, used 8823K [0x00000000e0000000, 0x00000000e5700000, 0x0000000100000000)
  eden space 66048K, 0% used [0x00000000e0000000,0x00000000e0000000,0x00000000e4080000)
  from space 10752K, 82% used [0x00000000e4b80000,0x00000000e541df10,0x00000000e5600000)
  to   space 11264K, 0% used [0x00000000e4080000,0x00000000e4080000,0x00000000e4b80000)
 ParOldGen       total 87552K, used 7590K [0x00000000a0000000, 0x00000000a5580000, 0x00000000e0000000)
  object space 87552K, 8% used [0x00000000a0000000,0x00000000a0769a50,0x00000000a5580000)
 Metaspace       used 20711K, capacity 21198K, committed 21296K, reserved 1067008K
  class space    used 2997K, capacity 3161K, committed 3200K, reserved 1048576K
Event: 3.297 GC heap after
Heap after GC invocations=7 (full 1):
 PSYoungGen      total 76800K, used 0K [0x00000000e0000000, 0x00000000e5700000, 0x0000000100000000)
  eden space 66048K, 0% used [0x00000000e0000000,0x00000000e0000000,0x00000000e4080000)
  from space 10752K, 0% used [0x00000000e4b80000,0x00000000e4b80000,0x00000000e5600000)
  to   space 11264K, 0% used [0x00000000e4080000,0x00000000e4080000,0x00000000e4b80000)
 ParOldGen       total 60928K, used 9540K [0x00000000a0000000, 0x00000000a3b80000, 0x00000000e0000000)
  object space 60928K, 15% used [0x00000000a0000000,0x00000000a0951368,0x00000000a3b80000)
 Metaspace       used 20711K, capacity 21198K, committed 21296K, reserved 1067008K
  class space    used 2997K, capacity 3161K, committed 3200K, reserved 1048576K
}
Event: 5.062 GC heap before
{Heap before GC invocations=8 (full 1):
 PSYoungGen      total 76800K, used 66048K [0x00000000e0000000, 0x00000000e5700000, 0x0000000100000000)
  eden space 66048K, 100% used [0x00000000e0000000,0x00000000e4080000,0x00000000e4080000)
  from space 10752K, 0% used [0x00000000e4b80000,0x00000000e4b80000,0x00000000e5600000)
  to   space 11264K, 0% used [0x00000000e4080000,0x00000000e4080000,0x00000000e4b80000)
 ParOldGen       total 60928K, used 9540K [0x00000000a0000000, 0x00000000a3b80000, 0x00000000e0000000)
  object space 60928K, 15% used [0x00000000a0000000,0x00000000a0951368,0x00000000a3b80000)
 Metaspace       used 29107K, capacity 29706K, committed 30080K, reserved 1075200K
  class space    used 3931K, capacity 4133K, committed 4224K, reserved 1048576K
Event: 5.071 GC heap after
Heap after GC invocations=8 (full 1):
 PSYoungGen      total 77312K, used 8068K [0x00000000e0000000, 0x00000000e7a00000, 0x0000000100000000)
  eden space 66048K, 0% used [0x00000000e0000000,0x00000000e0000000,0x00000000e4080000)
  from space 11264K, 71% used [0x00000000e4080000,0x00000000e48611d0,0x00000000e4b80000)
  to   space 11264K, 0% used [0x00000000e6f00000,0x00000000e6f00000,0x00000000e7a00000)
 ParOldGen       total 60928K, used 9548K [0x00000000a0000000, 0x00000000a3b80000, 0x00000000e0000000)
  object space 60928K, 15% used [0x00000000a0000000,0x00000000a0953368,0x00000000a3b80000)
 Metaspace       used 29107K, capacity 29706K, committed 30080K, reserved 1075200K
  class space    used 3931K, capacity 4133K, committed 4224K, reserved 1048576K
}
Event: 5.935 GC heap before
{Heap before GC invocations=9 (full 1):
 PSYoungGen      total 77312K, used 74116K [0x00000000e0000000, 0x00000000e7a00000, 0x0000000100000000)
  eden space 66048K, 100% used [0x00000000e0000000,0x00000000e4080000,0x00000000e4080000)
  from space 11264K, 71% used [0x00000000e4080000,0x00000000e48611d0,0x00000000e4b80000)
  to   space 11264K, 0% used [0x00000000e6f00000,0x00000000e6f00000,0x00000000e7a00000)
 ParOldGen       total 60928K, used 9548K [0x00000000a0000000, 0x00000000a3b80000, 0x00000000e0000000)
  object space 60928K, 15% used [0x00000000a0000000,0x00000000a0953368,0x00000000a3b80000)
 Metaspace       used 32038K, capacity 32616K, committed 32768K, reserved 1077248K
  class space    used 4397K, capacity 4591K, committed 4608K, reserved 1048576K
Event: 5.950 GC heap after
Heap after GC invocations=9 (full 1):
 PSYoungGen      total 113152K, used 8193K [0x00000000e0000000, 0x00000000e7c00000, 0x0000000100000000)
  eden space 101888K, 0% used [0x00000000e0000000,0x00000000e0000000,0x00000000e6380000)
  from space 11264K, 72% used [0x00000000e6f00000,0x00000000e77007b0,0x00000000e7a00000)
  to   space 11776K, 0% used [0x00000000e6380000,0x00000000e6380000,0x00000000e6f00000)
 ParOldGen       total 60928K, used 9556K [0x00000000a0000000, 0x00000000a3b80000, 0x00000000e0000000)
  object space 60928K, 15% used [0x00000000a0000000,0x00000000a0955368,0x00000000a3b80000)
 Metaspace       used 32038K, capacity 32616K, committed 32768K, reserved 1077248K
  class space    used 4397K, capacity 4591K, committed 4608K, reserved 1048576K
}
Event: 11.462 GC heap before
{Heap before GC invocations=10 (full 1):
 PSYoungGen      total 113152K, used 72884K [0x00000000e0000000, 0x00000000e7c00000, 0x0000000100000000)
  eden space 101888K, 63% used [0x00000000e0000000,0x00000000e3f2c988,0x00000000e6380000)
  from space 11264K, 72% used [0x00000000e6f00000,0x00000000e77007b0,0x00000000e7a00000)
  to   space 11776K, 0% used [0x00000000e6380000,0x00000000e6380000,0x00000000e6f00000)
 ParOldGen       total 60928K, used 9556K [0x00000000a0000000, 0x00000000a3b80000, 0x00000000e0000000)
  object space 60928K, 15% used [0x00000000a0000000,0x00000000a0955368,0x00000000a3b80000)
 Metaspace       used 34675K, capacity 35426K, committed 35496K, reserved 1079296K
  class space    used 4770K, capacity 4996K, committed 5032K, reserved 1048576K
Event: 11.476 GC heap after
Heap after GC invocations=10 (full 1):
 PSYoungGen      total 113664K, used 10309K [0x00000000e0000000, 0x00000000e9a00000, 0x0000000100000000)
  eden space 101888K, 0% used [0x00000000e0000000,0x00000000e0000000,0x00000000e6380000)
  from space 11776K, 87% used [0x00000000e6380000,0x00000000e6d91738,0x00000000e6f00000)
  to   space 12288K, 0% used [0x00000000e8e00000,0x00000000e8e00000,0x00000000e9a00000)
 ParOldGen       total 60928K, used 9564K [0x00000000a0000000, 0x00000000a3b80000, 0x00000000e0000000)
  object space 60928K, 15% used [0x00000000a0000000,0x00000000a0957368,0x00000000a3b80000)
 Metaspace       used 34675K, capacity 35426K, committed 35496K, reserved 1079296K
  class space    used 4770K, capacity 4996K, committed 5032K, reserved 1048576K
}
Event: 11.476 GC heap before
{Heap before GC invocations=11 (full 2):
 PSYoungGen      total 113664K, used 10309K [0x00000000e0000000, 0x00000000e9a00000, 0x0000000100000000)
  eden space 101888K, 0% used [0x00000000e0000000,0x00000000e0000000,0x00000000e6380000)
  from space 11776K, 87% used [0x00000000e6380000,0x00000000e6d91738,0x00000000e6f00000)
  to   space 12288K, 0% used [0x00000000e8e00000,0x00000000e8e00000,0x00000000e9a00000)
 ParOldGen       total 60928K, used 9564K [0x00000000a0000000, 0x00000000a3b80000, 0x00000000e0000000)
  object space 60928K, 15% used [0x00000000a0000000,0x00000000a0957368,0x00000000a3b80000)
 Metaspace       used 34675K, capacity 35426K, committed 35496K, reserved 1079296K
  class space    used 4770K, capacity 4996K, committed 5032K, reserved 1048576K
Event: 11.546 GC heap after
Heap after GC invocations=11 (full 2):
 PSYoungGen      total 113664K, used 0K [0x00000000e0000000, 0x00000000e9a00000, 0x0000000100000000)
  eden space 101888K, 0% used [0x00000000e0000000,0x00000000e0000000,0x00000000e6380000)
  from space 11776K, 0% used [0x00000000e6380000,0x00000000e6380000,0x00000000e6f00000)
  to   space 12288K, 0% used [0x00000000e8e00000,0x00000000e8e00000,0x00000000e9a00000)
 ParOldGen       total 60928K, used 17202K [0x00000000a0000000, 0x00000000a3b80000, 0x00000000e0000000)
  object space 60928K, 28% used [0x00000000a0000000,0x00000000a10ccb40,0x00000000a3b80000)
 Metaspace       used 34666K, capacity 35396K, committed 35496K, reserved 1079296K
  class space    used 4768K, capacity 4991K, committed 5032K, reserved 1048576K
}

